# JRE version: Java(TM) SE Runtime Environment (8.0_171-b11) (build 1.8.0_171-b11)
# Java VM: Java HotSpot(TM) 64-Bit Server VM (25.171-b11 mixed mode windows-amd64 compressed oops)
Heap:
 PSYoungGen      total 175616K, used 98438K [0x00000000d5f00000, 0x00000000e6c00000, 0x0000000100000000)
  eden space 108032K, 28% used [0x00000000d5f00000,0x00000000d7d21b80,0x00000000dc880000)
  from space 67584K, 100% used [0x00000000e1800000,0x00000000e5a00000,0x00000000e5a00000)
  to   space 81408K, 0% used [0x00000000dc880000,0x00000000dc880000,0x00000000e1800000)
 ParOldGen       total 286720K, used 181380K [0x0000000081c00000, 0x0000000093400000, 0x00000000d5f00000)
  object space 286720K, 63% used [0x0000000081c00000,0x000000008cd21038,0x0000000093400000)
 Metaspace       used 8979K, capacity 9075K, committed 9344K, reserved 1058816K
  class space    used 852K, capacity 880K, committed 896K, reserved 1048576K
GC Heap History (10 events):
Event: 2.789 GC heap before
{Heap before GC invocations=4 (full 1):
 PSYoungGen      total 38400K, used 5118K [0x00000000d5f00000, 0x00000000daa00000, 0x0000000100000000)
  eden space 33280K, 0% used [0x00000000d5f00000,0x00000000d5f00000,0x00000000d7f80000)
  from space 5120K, 99% used [0x00000000d7f80000,0x00000000d847f8a0,0x00000000d8480000)
  to   space 5120K, 0% used [0x00000000da500000,0x00000000da500000,0x00000000daa00000)
 ParOldGen       total 87552K, used 80124K [0x0000000081c00000, 0x0000000087180000, 0x00000000d5f00000)
  object space 87552K, 91% used [0x0000000081c00000,0x0000000086a3f240,0x0000000087180000)
 Metaspace       used 6711K, capacity 6803K, committed 7168K, reserved 1056768K
  class space    used 639K, capacity 656K, committed 768K, reserved 1048576K
Event: 2.838 GC heap after
Heap after GC invocations=4 (full 1):
 PSYoungGen      total 38400K, used 0K [0x00000000d5f00000, 0x00000000daa00000, 0x0000000100000000)
  eden space 33280K, 0% used [0x00000000d5f00000,0x00000000d5f00000,0x00000000d7f80000)
  from space 5120K, 0% used [0x00000000d7f80000,0x00000000d7f80000,0x00000000d8480000)
  to   space 5120K, 0% used [0x00000000da500000,0x00000000da500000,0x00000000daa00000)
 ParOldGen       total 163328K, used 83950K [0x0000000081c00000, 0x000000008bb80000, 0x00000000d5f00000)
  object space 163328K, 51% used [0x0000000081c00000,0x0000000086dfb978,0x000000008bb80000)
 Metaspace       used 6711K, capacity 6803K, committed 7168K, reserved 1056768K
  class space    used 639K, capacity 656K, committed 768K, reserved 1048576K
}
Event: 2.913 GC heap before
{Heap before GC invocations=5 (full 1):
 PSYoungGen      total 38400K, used 33280K [0x00000000d5f00000, 0x00000000daa00000, 0x0000000100000000)
  eden space 33280K, 100% used [0x00000000d5f00000,0x00000000d7f80000,0x00000000d7f80000)
  from space 5120K, 0% used [0x00000000d7f80000,0x00000000d7f80000,0x00000000d8480000)
  to   space 5120K, 0% used [0x00000000da500000,0x00000000da500000,0x00000000daa00000)
 ParOldGen       total 163328K, used 83950K [0x0000000081c00000, 0x000000008bb80000, 0x00000000d5f00000)
  object space 163328K, 51% used [0x0000000081c00000,0x0000000086dfb978,0x000000008bb80000)
 Metaspace       used 6711K, capacity 6803K, committed 7168K, reserved 1056768K
  class space    used 639K, capacity 656K, committed 768K, reserved 1048576K
Event: 2.927 GC heap after
Heap after GC invocations=5 (full 1):
 PSYoungGen      total 69120K, used 5120K [0x00000000d5f00000, 0x00000000daa00000, 0x0000000100000000)
  eden space 64000K, 0% used [0x00000000d5f00000,0x00000000d5f00000,0x00000000d9d80000)
  from space 5120K, 100% used [0x00000000da500000,0x00000000daa00000,0x00000000daa00000)
  to   space 5120K, 0% used [0x00000000da000000,0x00000000da000000,0x00000000da500000)
 ParOldGen       total 163328K, used 112170K [0x0000000081c00000, 0x000000008bb80000, 0x00000000d5f00000)
  object space 163328K, 68% used [0x0000000081c00000,0x000000008898aaf8,0x000000008bb80000)
 Metaspace       used 6711K, capacity 6803K, committed 7168K, reserved 1056768K
  class space    used 639K, capacity 656K, committed 768K, reserved 1048576K
}
Event: 3.154 GC heap before
{Heap before GC invocations=6 (full 1):
 PSYoungGen      total 69120K, used 69120K [0x00000000d5f00000, 0x00000000daa00000, 0x0000000100000000)
  eden space 64000K, 100% used [0x00000000d5f00000,0x00000000d9d80000,0x00000000d9d80000)
  from space 5120K, 100% used [0x00000000da500000,0x00000000daa00000,0x00000000daa00000)
  to   space 5120K, 0% used [0x00000000da000000,0x00000000da000000,0x00000000da500000)
 ParOldGen       total 163328K, used 112170K [0x0000000081c00000, 0x000000008bb80000, 0x00000000d5f00000)
  object space 163328K, 68% used [0x0000000081c00000,0x000000008898aaf8,0x000000008bb80000)
 Metaspace       used 6711K, capacity 6803K, committed 7168K, reserved 1056768K
  class space    used 639K, capacity 656K, committed 768K, reserved 1048576K
Event: 3.182 GC heap after
Heap after GC invocations=6 (full 1):
 PSYoungGen      total 71680K, used 5120K [0x00000000d5f00000, 0x00000000e5a00000, 0x0000000100000000)
  eden space 66560K, 0% used [0x00000000d5f00000,0x00000000d5f00000,0x00000000da000000)
  from space 5120K, 100% used [0x00000000da000000,0x00000000da500000,0x00000000da500000)
  to   space 67584K, 0% used [0x00000000e1800000,0x00000000e1800000,0x00000000e5a00000)
 ParOldGen       total 177152K, used 176067K [0x0000000081c00000, 0x000000008c900000, 0x00000000d5f00000)
  object space 177152K, 99% used [0x0000000081c00000,0x000000008c7f0e38,0x000000008c900000)
 Metaspace       used 6711K, capacity 6803K, committed 7168K, reserved 1056768K
  class space    used 639K, capacity 656K, committed 768K, reserved 1048576K
}
Event: 3.182 GC heap before
{Heap before GC invocations=7 (full 2):
 PSYoungGen      total 71680K, used 5120K [0x00000000d5f00000, 0x00000000e5a00000, 0x0000000100000000)
  eden space 66560K, 0% used [0x00000000d5f00000,0x00000000d5f00000,0x00000000da000000)
  from space 5120K, 100% used [0x00000000da000000,0x00000000da500000,0x00000000da500000)
  to   space 67584K, 0% used [0x00000000e1800000,0x00000000e1800000,0x00000000e5a00000)
 ParOldGen       total 177152K, used 176067K [0x0000000081c00000, 0x000000008c900000, 0x00000000d5f00000)
  object space 177152K, 99% used [0x0000000081c00000,0x000000008c7f0e38,0x000000008c900000)
 Metaspace       used 6711K, capacity 6803K, committed 7168K, reserved 1056768K
  class space    used 639K, capacity 656K, committed 768K, reserved 1048576K
Event: 3.224 GC heap after
Heap after GC invocations=7 (full 2):
 PSYoungGen      total 71680K, used 4010K [0x00000000d5f00000, 0x00000000e5a00000, 0x0000000100000000)
  eden space 66560K, 0% used [0x00000000d5f00000,0x00000000d5f00000,0x00000000da000000)
  from space 5120K, 78% used [0x00000000da000000,0x00000000da3ea800,0x00000000da500000)
  to   space 67584K, 0% used [0x00000000e1800000,0x00000000e1800000,0x00000000e5a00000)
 ParOldGen       total 286720K, used 177069K [0x0000000081c00000, 0x0000000093400000, 0x00000000d5f00000)
  object space 286720K, 61% used [0x0000000081c00000,0x000000008c8eb538,0x0000000093400000)
 Metaspace       used 6711K, capacity 6803K, committed 7168K, reserved 1056768K
  class space    used 639K, capacity 656K, committed 768K, reserved 1048576K
}
Event: 3.494 GC heap before
{Heap before GC invocations=8 (full 2):
 PSYoungGen      total 71680K, used 70570K [0x00000000d5f00000, 0x00000000e5a00000, 0x0000000100000000)
  eden space 66560K, 100% used [0x00000000d5f00000,0x00000000da000000,0x00000000da000000)
  from space 5120K, 78% used [0x00000000da000000,0x00000000da3ea800,0x00000000da500000)
  to   space 67584K, 0% used [0x00000000e1800000,0x00000000e1800000,0x00000000e5a00000)
 ParOldGen       total 286720K, used 177069K [0x0000000081c00000, 0x0000000093400000, 0x00000000d5f00000)
  object space 286720K, 61% used [0x0000000081c00000,0x000000008c8eb538,0x0000000093400000)
 Metaspace       used 6711K, capacity 6803K, committed 7168K, reserved 1056768K
  class space    used 639K, capacity 656K, committed 768K, reserved 1048576K
Event: 3.525 GC heap after
Heap after GC invocations=8 (full 2):
 PSYoungGen      total 175616K, used 67584K [0x00000000d5f00000, 0x00000000e6c00000, 0x0000000100000000)
  eden space 108032K, 0% used [0x00000000d5f00000,0x00000000d5f00000,0x00000000dc880000)
  from space 67584K, 100% used [0x00000000e1800000,0x00000000e5a00000,0x00000000e5a00000)
  to   space 81408K, 0% used [0x00000000dc880000,0x00000000dc880000,0x00000000e1800000)
 ParOldGen       total 286720K, used 181380K [0x0000000081c00000, 0x0000000093400000, 0x00000000d5f00000)
  object space 286720K, 63% used [0x0000000081c00000,0x000000008cd21038,0x0000000093400000)
 Metaspace       used 6711K, capacity 6803K, committed 7168K, reserved 1056768K
  class space    used 639K, capacity 656K, committed 768K, reserved 1048576K
}

