# JRE version: Java(TM) SE Runtime Environment (8.0_171-b11) (build 1.8.0_171-b11)
# Java VM: Java HotSpot(TM) 64-Bit Server VM (25.171-b11 mixed mode windows-amd64 compressed oops)
Heap:
 PSYoungGen      total 171520K, used 103053K [0x00000000d5f00000, 0x00000000e6400000, 0x0000000100000000)
  eden space 104448K, 34% used [0x00000000d5f00000,0x00000000d8223458,0x00000000dc500000)
  from space 67072K, 100% used [0x00000000e1780000,0x00000000e5900000,0x00000000e5900000)
  to   space 81408K, 0% used [0x00000000dc500000,0x00000000dc500000,0x00000000e1480000)
 ParOldGen       total 291840K, used 181286K [0x0000000081c00000, 0x0000000093900000, 0x00000000d5f00000)
  object space 291840K, 62% used [0x0000000081c00000,0x000000008cd09868,0x0000000093900000)
 Metaspace       used 8927K, capacity 9011K, committed 9088K, reserved 1056768K
  class space    used 851K, capacity 880K, committed 896K, reserved 1048576K
GC Heap History (10 events):
Event: 2.847 GC heap before
{Heap before GC invocations=4 (full 1):
 PSYoungGen      total 38400K, used 5102K [0x00000000d5f00000, 0x00000000daa00000, 0x0000000100000000)
  eden space 33280K, 0% used [0x00000000d5f00000,0x00000000d5f00000,0x00000000d7f80000)
  from space 5120K, 99% used [0x00000000d7f80000,0x00000000d847b890,0x00000000d8480000)
  to   space 5120K, 0% used [0x00000000da500000,0x00000000da500000,0x00000000daa00000)
 ParOldGen       total 87552K, used 80120K [0x0000000081c00000, 0x0000000087180000, 0x00000000d5f00000)
  object space 87552K, 91% used [0x0000000081c00000,0x0000000086a3e2f0,0x0000000087180000)
 Metaspace       used 6710K, capacity 6803K, committed 7168K, reserved 1056768K
  class space    used 639K, capacity 656K, committed 768K, reserved 1048576K
Event: 2.871 GC heap after
Heap after GC invocations=4 (full 1):
 PSYoungGen      total 38400K, used 0K [0x00000000d5f00000, 0x00000000daa00000, 0x0000000100000000)
  eden space 33280K, 0% used [0x00000000d5f00000,0x00000000d5f00000,0x00000000d7f80000)
  from space 5120K, 0% used [0x00000000d7f80000,0x00000000d7f80000,0x00000000d8480000)
  to   space 5120K, 0% used [0x00000000da500000,0x00000000da500000,0x00000000daa00000)
 ParOldGen       total 164352K, used 83952K [0x0000000081c00000, 0x000000008bc80000, 0x00000000d5f00000)
  object space 164352K, 51% used [0x0000000081c00000,0x0000000086dfc308,0x000000008bc80000)
 Metaspace       used 6710K, capacity 6803K, committed 7168K, reserved 1056768K
  class space    used 639K, capacity 656K, committed 768K, reserved 1048576K
}
Event: 2.935 GC heap before
{Heap before GC invocations=5 (full 1):
 PSYoungGen      total 38400K, used 33280K [0x00000000d5f00000, 0x00000000daa00000, 0x0000000100000000)
  eden space 33280K, 100% used [0x00000000d5f00000,0x00000000d7f80000,0x00000000d7f80000)
  from space 5120K, 0% used [0x00000000d7f80000,0x00000000d7f80000,0x00000000d8480000)
  to   space 5120K, 0% used [0x00000000da500000,0x00000000da500000,0x00000000daa00000)
 ParOldGen       total 164352K, used 83952K [0x0000000081c00000, 0x000000008bc80000, 0x00000000d5f00000)
  object space 164352K, 51% used [0x0000000081c00000,0x0000000086dfc308,0x000000008bc80000)
 Metaspace       used 6710K, capacity 6803K, committed 7168K, reserved 1056768K
  class space    used 639K, capacity 656K, committed 768K, reserved 1048576K
Event: 2.949 GC heap after
Heap after GC invocations=5 (full 1):
 PSYoungGen      total 68608K, used 5120K [0x00000000d5f00000, 0x00000000daa00000, 0x0000000100000000)
  eden space 63488K, 0% used [0x00000000d5f00000,0x00000000d5f00000,0x00000000d9d00000)
  from space 5120K, 100% used [0x00000000da500000,0x00000000daa00000,0x00000000daa00000)
  to   space 5120K, 0% used [0x00000000da000000,0x00000000da000000,0x00000000da500000)
 ParOldGen       total 164352K, used 112173K [0x0000000081c00000, 0x000000008bc80000, 0x00000000d5f00000)
  object space 164352K, 68% used [0x0000000081c00000,0x000000008898b488,0x000000008bc80000)
 Metaspace       used 6710K, capacity 6803K, committed 7168K, reserved 1056768K
  class space    used 639K, capacity 656K, committed 768K, reserved 1048576K
}
Event: 3.143 GC heap before
{Heap before GC invocations=6 (full 1):
 PSYoungGen      total 68608K, used 68608K [0x00000000d5f00000, 0x00000000daa00000, 0x0000000100000000)
  eden space 63488K, 100% used [0x00000000d5f00000,0x00000000d9d00000,0x00000000d9d00000)
  from space 5120K, 100% used [0x00000000da500000,0x00000000daa00000,0x00000000daa00000)
  to   space 5120K, 0% used [0x00000000da000000,0x00000000da000000,0x00000000da500000)
 ParOldGen       total 164352K, used 112173K [0x0000000081c00000, 0x000000008bc80000, 0x00000000d5f00000)
  object space 164352K, 68% used [0x0000000081c00000,0x000000008898b488,0x000000008bc80000)
 Metaspace       used 6710K, capacity 6803K, committed 7168K, reserved 1056768K
  class space    used 639K, capacity 656K, committed 768K, reserved 1048576K
Event: 3.172 GC heap after
Heap after GC invocations=6 (full 1):
 PSYoungGen      total 71680K, used 5120K [0x00000000d5f00000, 0x00000000e5900000, 0x0000000100000000)
  eden space 66560K, 0% used [0x00000000d5f00000,0x00000000d5f00000,0x00000000da000000)
  from space 5120K, 100% used [0x00000000da000000,0x00000000da500000,0x00000000da500000)
  to   space 67072K, 0% used [0x00000000e1780000,0x00000000e1780000,0x00000000e5900000)
 ParOldGen       total 176128K, used 175418K [0x0000000081c00000, 0x000000008c800000, 0x00000000d5f00000)
  object space 176128K, 99% used [0x0000000081c00000,0x000000008c74e948,0x000000008c800000)
 Metaspace       used 6710K, capacity 6803K, committed 7168K, reserved 1056768K
  class space    used 639K, capacity 656K, committed 768K, reserved 1048576K
}
Event: 3.172 GC heap before
{Heap before GC invocations=7 (full 2):
 PSYoungGen      total 71680K, used 5120K [0x00000000d5f00000, 0x00000000e5900000, 0x0000000100000000)
  eden space 66560K, 0% used [0x00000000d5f00000,0x00000000d5f00000,0x00000000da000000)
  from space 5120K, 100% used [0x00000000da000000,0x00000000da500000,0x00000000da500000)
  to   space 67072K, 0% used [0x00000000e1780000,0x00000000e1780000,0x00000000e5900000)
 ParOldGen       total 176128K, used 175418K [0x0000000081c00000, 0x000000008c800000, 0x00000000d5f00000)
  object space 176128K, 99% used [0x0000000081c00000,0x000000008c74e948,0x000000008c800000)
 Metaspace       used 6710K, capacity 6803K, committed 7168K, reserved 1056768K
  class space    used 639K, capacity 656K, committed 768K, reserved 1048576K
Event: 3.217 GC heap after
Heap after GC invocations=7 (full 2):
 PSYoungGen      total 71680K, used 4511K [0x00000000d5f00000, 0x00000000e5900000, 0x0000000100000000)
  eden space 66560K, 0% used [0x00000000d5f00000,0x00000000d5f00000,0x00000000da000000)
  from space 5120K, 88% used [0x00000000da000000,0x00000000da467cf0,0x00000000da500000)
  to   space 67072K, 0% used [0x00000000e1780000,0x00000000e1780000,0x00000000e5900000)
 ParOldGen       total 291840K, used 175916K [0x0000000081c00000, 0x0000000093900000, 0x00000000d5f00000)
  object space 291840K, 60% used [0x0000000081c00000,0x000000008c7cb1d8,0x0000000093900000)
 Metaspace       used 6710K, capacity 6803K, committed 7168K, reserved 1056768K
  class space    used 639K, capacity 656K, committed 768K, reserved 1048576K
}
Event: 3.502 GC heap before
{Heap before GC invocations=8 (full 2):
 PSYoungGen      total 71680K, used 71071K [0x00000000d5f00000, 0x00000000e5900000, 0x0000000100000000)
  eden space 66560K, 100% used [0x00000000d5f00000,0x00000000da000000,0x00000000da000000)
  from space 5120K, 88% used [0x00000000da000000,0x00000000da467cf0,0x00000000da500000)
  to   space 67072K, 0% used [0x00000000e1780000,0x00000000e1780000,0x00000000e5900000)
 ParOldGen       total 291840K, used 175916K [0x0000000081c00000, 0x0000000093900000, 0x00000000d5f00000)
  object space 291840K, 60% used [0x0000000081c00000,0x000000008c7cb1d8,0x0000000093900000)
 Metaspace       used 6710K, capacity 6803K, committed 7168K, reserved 1056768K
  class space    used 639K, capacity 656K, committed 768K, reserved 1048576K
Event: 3.531 GC heap after
Heap after GC invocations=8 (full 2):
 PSYoungGen      total 171520K, used 67072K [0x00000000d5f00000, 0x00000000e6400000, 0x0000000100000000)
  eden space 104448K, 0% used [0x00000000d5f00000,0x00000000d5f00000,0x00000000dc500000)
  from space 67072K, 100% used [0x00000000e1780000,0x00000000e5900000,0x00000000e5900000)
  to   space 81408K, 0% used [0x00000000dc500000,0x00000000dc500000,0x00000000e1480000)
 ParOldGen       total 291840K, used 181286K [0x0000000081c00000, 0x0000000093900000, 0x00000000d5f00000)
  object space 291840K, 62% used [0x0000000081c00000,0x000000008cd09868,0x0000000093900000)
 Metaspace       used 6710K, capacity 6803K, committed 7168K, reserved 1056768K
  class space    used 639K, capacity 656K, committed 768K, reserved 1048576K
}

