# JRE version: Java(TM) SE Runtime Environment (8.0_171-b11) (build 1.8.0_171-b11)
# Java VM: Java HotSpot(TM) 64-Bit Server VM (25.171-b11 mixed mode windows-amd64 compressed oops)
Heap:
 PSYoungGen      total 123392K, used 94195K [0x00000000d5f00000, 0x00000000deb00000, 0x0000000100000000)
  eden space 118272K, 79% used [0x00000000d5f00000,0x00000000dbafcdc0,0x00000000dd280000)
  from space 5120K, 0% used [0x00000000de600000,0x00000000de600000,0x00000000deb00000)
  to   space 5120K, 0% used [0x00000000de100000,0x00000000de100000,0x00000000de600000)
 ParOldGen       total 328192K, used 183673K [0x0000000081c00000, 0x0000000095c80000, 0x00000000d5f00000)
  object space 328192K, 55% used [0x0000000081c00000,0x000000008cf5e520,0x0000000095c80000)
 Metaspace       used 8996K, capacity 9075K, committed 9344K, reserved 1058816K
  class space    used 852K, capacity 880K, committed 896K, reserved 1048576K
GC Heap History (10 events):
Event: 2.145 GC heap before
{Heap before GC invocations=2 (full 0):
 PSYoungGen      total 38400K, used 38398K [0x00000000d5f00000, 0x00000000daa00000, 0x0000000100000000)
  eden space 33280K, 100% used [0x00000000d5f00000,0x00000000d7f80000,0x00000000d7f80000)
  from space 5120K, 99% used [0x00000000d7f80000,0x00000000d847f8a0,0x00000000d8480000)
  to   space 5120K, 0% used [0x00000000da500000,0x00000000da500000,0x00000000daa00000)
 ParOldGen       total 87552K, used 13944K [0x0000000081c00000, 0x0000000087180000, 0x00000000d5f00000)
  object space 87552K, 15% used [0x0000000081c00000,0x000000008299e2e8,0x0000000087180000)
 Metaspace       used 6686K, capacity 6723K, committed 6912K, reserved 1056768K
  class space    used 639K, capacity 656K, committed 768K, reserved 1048576K
Event: 2.173 GC heap after
Heap after GC invocations=2 (full 0):
 PSYoungGen      total 71680K, used 5102K [0x00000000d5f00000, 0x00000000daa00000, 0x0000000100000000)
  eden space 66560K, 0% used [0x00000000d5f00000,0x00000000d5f00000,0x00000000da000000)
  from space 5120K, 99% used [0x00000000da500000,0x00000000da9fb890,0x00000000daa00000)
  to   space 5120K, 0% used [0x00000000da000000,0x00000000da000000,0x00000000da500000)
 ParOldGen       total 87552K, used 47096K [0x0000000081c00000, 0x0000000087180000, 0x00000000d5f00000)
  object space 87552K, 53% used [0x0000000081c00000,0x00000000849fe1a8,0x0000000087180000)
 Metaspace       used 6686K, capacity 6723K, committed 6912K, reserved 1056768K
  class space    used 639K, capacity 656K, committed 768K, reserved 1048576K
}
Event: 2.454 GC heap before
{Heap before GC invocations=3 (full 0):
 PSYoungGen      total 71680K, used 71662K [0x00000000d5f00000, 0x00000000daa00000, 0x0000000100000000)
  eden space 66560K, 100% used [0x00000000d5f00000,0x00000000da000000,0x00000000da000000)
  from space 5120K, 99% used [0x00000000da500000,0x00000000da9fb890,0x00000000daa00000)
  to   space 5120K, 0% used [0x00000000da000000,0x00000000da000000,0x00000000da500000)
 ParOldGen       total 87552K, used 47096K [0x0000000081c00000, 0x0000000087180000, 0x00000000d5f00000)
  object space 87552K, 53% used [0x0000000081c00000,0x00000000849fe1a8,0x0000000087180000)
 Metaspace       used 6686K, capacity 6723K, committed 6912K, reserved 1056768K
  class space    used 639K, capacity 656K, committed 768K, reserved 1048576K
Event: 2.490 GC heap after
Heap after GC invocations=3 (full 0):
 PSYoungGen      total 71680K, used 5118K [0x00000000d5f00000, 0x00000000deb00000, 0x0000000100000000)
  eden space 66560K, 0% used [0x00000000d5f00000,0x00000000d5f00000,0x00000000da000000)
  from space 5120K, 99% used [0x00000000da000000,0x00000000da4ff8a0,0x00000000da500000)
  to   space 5120K, 0% used [0x00000000de600000,0x00000000de600000,0x00000000deb00000)
 ParOldGen       total 114176K, used 113480K [0x0000000081c00000, 0x0000000088b80000, 0x00000000d5f00000)
  object space 114176K, 99% used [0x0000000081c00000,0x0000000088ad22c8,0x0000000088b80000)
 Metaspace       used 6686K, capacity 6723K, committed 6912K, reserved 1056768K
  class space    used 639K, capacity 656K, committed 768K, reserved 1048576K
}
Event: 2.490 GC heap before
{Heap before GC invocations=4 (full 1):
 PSYoungGen      total 71680K, used 5118K [0x00000000d5f00000, 0x00000000deb00000, 0x0000000100000000)
  eden space 66560K, 0% used [0x00000000d5f00000,0x00000000d5f00000,0x00000000da000000)
  from space 5120K, 99% used [0x00000000da000000,0x00000000da4ff8a0,0x00000000da500000)
  to   space 5120K, 0% used [0x00000000de600000,0x00000000de600000,0x00000000deb00000)
 ParOldGen       total 114176K, used 113480K [0x0000000081c00000, 0x0000000088b80000, 0x00000000d5f00000)
  object space 114176K, 99% used [0x0000000081c00000,0x0000000088ad22c8,0x0000000088b80000)
 Metaspace       used 6686K, capacity 6723K, committed 6912K, reserved 1056768K
  class space    used 639K, capacity 656K, committed 768K, reserved 1048576K
Event: 2.538 GC heap after
Heap after GC invocations=4 (full 1):
 PSYoungGen      total 71680K, used 3503K [0x00000000d5f00000, 0x00000000deb00000, 0x0000000100000000)
  eden space 66560K, 0% used [0x00000000d5f00000,0x00000000d5f00000,0x00000000da000000)
  from space 5120K, 68% used [0x00000000da000000,0x00000000da36bfa8,0x00000000da500000)
  to   space 5120K, 0% used [0x00000000de600000,0x00000000de600000,0x00000000deb00000)
 ParOldGen       total 230912K, used 113816K [0x0000000081c00000, 0x000000008fd80000, 0x00000000d5f00000)
  object space 230912K, 49% used [0x0000000081c00000,0x0000000088b261d8,0x000000008fd80000)
 Metaspace       used 6686K, capacity 6723K, committed 6912K, reserved 1056768K
  class space    used 639K, capacity 656K, committed 768K, reserved 1048576K
}
Event: 2.919 GC heap before
{Heap before GC invocations=5 (full 1):
 PSYoungGen      total 71680K, used 70063K [0x00000000d5f00000, 0x00000000deb00000, 0x0000000100000000)
  eden space 66560K, 100% used [0x00000000d5f00000,0x00000000da000000,0x00000000da000000)
  from space 5120K, 68% used [0x00000000da000000,0x00000000da36bfa8,0x00000000da500000)
  to   space 5120K, 0% used [0x00000000de600000,0x00000000de600000,0x00000000deb00000)
 ParOldGen       total 230912K, used 113816K [0x0000000081c00000, 0x000000008fd80000, 0x00000000d5f00000)
  object space 230912K, 49% used [0x0000000081c00000,0x0000000088b261d8,0x000000008fd80000)
 Metaspace       used 6686K, capacity 6723K, committed 6912K, reserved 1056768K
  class space    used 639K, capacity 656K, committed 768K, reserved 1048576K
Event: 2.950 GC heap after
Heap after GC invocations=5 (full 1):
 PSYoungGen      total 123392K, used 5120K [0x00000000d5f00000, 0x00000000deb00000, 0x0000000100000000)
  eden space 118272K, 0% used [0x00000000d5f00000,0x00000000d5f00000,0x00000000dd280000)
  from space 5120K, 100% used [0x00000000de600000,0x00000000deb00000,0x00000000deb00000)
  to   space 5120K, 0% used [0x00000000de100000,0x00000000de100000,0x00000000de600000)
 ParOldGen       total 230912K, used 178672K [0x0000000081c00000, 0x000000008fd80000, 0x00000000d5f00000)
  object space 230912K, 77% used [0x0000000081c00000,0x000000008ca7c0b8,0x000000008fd80000)
 Metaspace       used 6686K, capacity 6723K, committed 6912K, reserved 1056768K
  class space    used 639K, capacity 656K, committed 768K, reserved 1048576K
}
Event: 2.950 GC heap before
{Heap before GC invocations=6 (full 2):
 PSYoungGen      total 123392K, used 5120K [0x00000000d5f00000, 0x00000000deb00000, 0x0000000100000000)
  eden space 118272K, 0% used [0x00000000d5f00000,0x00000000d5f00000,0x00000000dd280000)
  from space 5120K, 100% used [0x00000000de600000,0x00000000deb00000,0x00000000deb00000)
  to   space 5120K, 0% used [0x00000000de100000,0x00000000de100000,0x00000000de600000)
 ParOldGen       total 230912K, used 178672K [0x0000000081c00000, 0x000000008fd80000, 0x00000000d5f00000)
  object space 230912K, 77% used [0x0000000081c00000,0x000000008ca7c0b8,0x000000008fd80000)
 Metaspace       used 6686K, capacity 6723K, committed 6912K, reserved 1056768K
  class space    used 639K, capacity 656K, committed 768K, reserved 1048576K
Event: 2.974 GC heap after
Heap after GC invocations=6 (full 2):
 PSYoungGen      total 123392K, used 0K [0x00000000d5f00000, 0x00000000deb00000, 0x0000000100000000)
  eden space 118272K, 0% used [0x00000000d5f00000,0x00000000d5f00000,0x00000000dd280000)
  from space 5120K, 0% used [0x00000000de600000,0x00000000de600000,0x00000000deb00000)
  to   space 5120K, 0% used [0x00000000de100000,0x00000000de100000,0x00000000de600000)
 ParOldGen       total 328192K, used 183673K [0x0000000081c00000, 0x0000000095c80000, 0x00000000d5f00000)
  object space 328192K, 55% used [0x0000000081c00000,0x000000008cf5e520,0x0000000095c80000)
 Metaspace       used 6686K, capacity 6723K, committed 6912K, reserved 1056768K
  class space    used 639K, capacity 656K, committed 768K, reserved 1048576K
}

