# JRE version: Java(TM) SE Runtime Environment (8.0_171-b11) (build 1.8.0_171-b11)
# Java VM: Java HotSpot(TM) 64-Bit Server VM (25.171-b11 mixed mode windows-amd64 compressed oops)
Heap:
 PSYoungGen      total 173056K, used 97288K [0x00000000d5f00000, 0x00000000e6780000, 0x0000000100000000)
  eden space 105984K, 28% used [0x00000000d5f00000,0x00000000d7c82288,0x00000000dc680000)
  from space 67072K, 100% used [0x00000000e1600000,0x00000000e5780000,0x00000000e5780000)
  to   space 81408K, 0% used [0x00000000dc680000,0x00000000dc680000,0x00000000e1600000)
 ParOldGen       total 292864K, used 181273K [0x0000000081c00000, 0x0000000093a00000, 0x00000000d5f00000)
  object space 292864K, 61% used [0x0000000081c00000,0x000000008cd065d0,0x0000000093a00000)
 Metaspace       used 8907K, capacity 8947K, committed 9088K, reserved 1056768K
  class space    used 852K, capacity 880K, committed 896K, reserved 1048576K
GC Heap History (10 events):
Event: 2.836 GC heap before
{Heap before GC invocations=4 (full 1):
 PSYoungGen      total 38400K, used 5102K [0x00000000d5f00000, 0x00000000daa00000, 0x0000000100000000)
  eden space 33280K, 0% used [0x00000000d5f00000,0x00000000d5f00000,0x00000000d7f80000)
  from space 5120K, 99% used [0x00000000d7f80000,0x00000000d847b8b0,0x00000000d8480000)
  to   space 5120K, 0% used [0x00000000da500000,0x00000000da500000,0x00000000daa00000)
 ParOldGen       total 87552K, used 80128K [0x0000000081c00000, 0x0000000087180000, 0x00000000d5f00000)
  object space 87552K, 91% used [0x0000000081c00000,0x0000000086a40170,0x0000000087180000)
 Metaspace       used 6712K, capacity 6803K, committed 7168K, reserved 1056768K
  class space    used 639K, capacity 656K, committed 768K, reserved 1048576K
Event: 2.865 GC heap after
Heap after GC invocations=4 (full 1):
 PSYoungGen      total 38400K, used 0K [0x00000000d5f00000, 0x00000000daa00000, 0x0000000100000000)
  eden space 33280K, 0% used [0x00000000d5f00000,0x00000000d5f00000,0x00000000d7f80000)
  from space 5120K, 0% used [0x00000000d7f80000,0x00000000d7f80000,0x00000000d8480000)
  to   space 5120K, 0% used [0x00000000da500000,0x00000000da500000,0x00000000daa00000)
 ParOldGen       total 166400K, used 83948K [0x0000000081c00000, 0x000000008be80000, 0x00000000d5f00000)
  object space 166400K, 50% used [0x0000000081c00000,0x0000000086dfb0c8,0x000000008be80000)
 Metaspace       used 6712K, capacity 6803K, committed 7168K, reserved 1056768K
  class space    used 639K, capacity 656K, committed 768K, reserved 1048576K
}
Event: 2.954 GC heap before
{Heap before GC invocations=5 (full 1):
 PSYoungGen      total 38400K, used 33280K [0x00000000d5f00000, 0x00000000daa00000, 0x0000000100000000)
  eden space 33280K, 100% used [0x00000000d5f00000,0x00000000d7f80000,0x00000000d7f80000)
  from space 5120K, 0% used [0x00000000d7f80000,0x00000000d7f80000,0x00000000d8480000)
  to   space 5120K, 0% used [0x00000000da500000,0x00000000da500000,0x00000000daa00000)
 ParOldGen       total 166400K, used 83948K [0x0000000081c00000, 0x000000008be80000, 0x00000000d5f00000)
  object space 166400K, 50% used [0x0000000081c00000,0x0000000086dfb0c8,0x000000008be80000)
 Metaspace       used 6712K, capacity 6803K, committed 7168K, reserved 1056768K
  class space    used 639K, capacity 656K, committed 768K, reserved 1048576K
Event: 2.984 GC heap after
Heap after GC invocations=5 (full 1):
 PSYoungGen      total 68608K, used 5120K [0x00000000d5f00000, 0x00000000daa00000, 0x0000000100000000)
  eden space 63488K, 0% used [0x00000000d5f00000,0x00000000d5f00000,0x00000000d9d00000)
  from space 5120K, 100% used [0x00000000da500000,0x00000000daa00000,0x00000000daa00000)
  to   space 5120K, 0% used [0x00000000da000000,0x00000000da000000,0x00000000da500000)
 ParOldGen       total 166400K, used 112174K [0x0000000081c00000, 0x000000008be80000, 0x00000000d5f00000)
  object space 166400K, 67% used [0x0000000081c00000,0x000000008898bb58,0x000000008be80000)
 Metaspace       used 6712K, capacity 6803K, committed 7168K, reserved 1056768K
  class space    used 639K, capacity 656K, committed 768K, reserved 1048576K
}
Event: 3.314 GC heap before
{Heap before GC invocations=6 (full 1):
 PSYoungGen      total 68608K, used 68608K [0x00000000d5f00000, 0x00000000daa00000, 0x0000000100000000)
  eden space 63488K, 100% used [0x00000000d5f00000,0x00000000d9d00000,0x00000000d9d00000)
  from space 5120K, 100% used [0x00000000da500000,0x00000000daa00000,0x00000000daa00000)
  to   space 5120K, 0% used [0x00000000da000000,0x00000000da000000,0x00000000da500000)
 ParOldGen       total 166400K, used 112174K [0x0000000081c00000, 0x000000008be80000, 0x00000000d5f00000)
  object space 166400K, 67% used [0x0000000081c00000,0x000000008898bb58,0x000000008be80000)
 Metaspace       used 6712K, capacity 6803K, committed 7168K, reserved 1056768K
  class space    used 639K, capacity 656K, committed 768K, reserved 1048576K
Event: 3.342 GC heap after
Heap after GC invocations=6 (full 1):
 PSYoungGen      total 71680K, used 5120K [0x00000000d5f00000, 0x00000000e5780000, 0x0000000100000000)
  eden space 66560K, 0% used [0x00000000d5f00000,0x00000000d5f00000,0x00000000da000000)
  from space 5120K, 100% used [0x00000000da000000,0x00000000da500000,0x00000000da500000)
  to   space 67072K, 0% used [0x00000000e1600000,0x00000000e1600000,0x00000000e5780000)
 ParOldGen       total 176128K, used 175413K [0x0000000081c00000, 0x000000008c800000, 0x00000000d5f00000)
  object space 176128K, 99% used [0x0000000081c00000,0x000000008c74d708,0x000000008c800000)
 Metaspace       used 6712K, capacity 6803K, committed 7168K, reserved 1056768K
  class space    used 639K, capacity 656K, committed 768K, reserved 1048576K
}
Event: 3.342 GC heap before
{Heap before GC invocations=7 (full 2):
 PSYoungGen      total 71680K, used 5120K [0x00000000d5f00000, 0x00000000e5780000, 0x0000000100000000)
  eden space 66560K, 0% used [0x00000000d5f00000,0x00000000d5f00000,0x00000000da000000)
  from space 5120K, 100% used [0x00000000da000000,0x00000000da500000,0x00000000da500000)
  to   space 67072K, 0% used [0x00000000e1600000,0x00000000e1600000,0x00000000e5780000)
 ParOldGen       total 176128K, used 175413K [0x0000000081c00000, 0x000000008c800000, 0x00000000d5f00000)
  object space 176128K, 99% used [0x0000000081c00000,0x000000008c74d708,0x000000008c800000)
 Metaspace       used 6712K, capacity 6803K, committed 7168K, reserved 1056768K
  class space    used 639K, capacity 656K, committed 768K, reserved 1048576K
Event: 3.390 GC heap after
Heap after GC invocations=7 (full 2):
 PSYoungGen      total 71680K, used 4511K [0x00000000d5f00000, 0x00000000e5780000, 0x0000000100000000)
  eden space 66560K, 0% used [0x00000000d5f00000,0x00000000d5f00000,0x00000000da000000)
  from space 5120K, 88% used [0x00000000da000000,0x00000000da467d00,0x00000000da500000)
  to   space 67072K, 0% used [0x00000000e1600000,0x00000000e1600000,0x00000000e5780000)
 ParOldGen       total 292864K, used 175910K [0x0000000081c00000, 0x0000000093a00000, 0x00000000d5f00000)
  object space 292864K, 60% used [0x0000000081c00000,0x000000008c7c9850,0x0000000093a00000)
 Metaspace       used 6712K, capacity 6803K, committed 7168K, reserved 1056768K
  class space    used 639K, capacity 656K, committed 768K, reserved 1048576K
}
Event: 3.713 GC heap before
{Heap before GC invocations=8 (full 2):
 PSYoungGen      total 71680K, used 71071K [0x00000000d5f00000, 0x00000000e5780000, 0x0000000100000000)
  eden space 66560K, 100% used [0x00000000d5f00000,0x00000000da000000,0x00000000da000000)
  from space 5120K, 88% used [0x00000000da000000,0x00000000da467d00,0x00000000da500000)
  to   space 67072K, 0% used [0x00000000e1600000,0x00000000e1600000,0x00000000e5780000)
 ParOldGen       total 292864K, used 175910K [0x0000000081c00000, 0x0000000093a00000, 0x00000000d5f00000)
  object space 292864K, 60% used [0x0000000081c00000,0x000000008c7c9850,0x0000000093a00000)
 Metaspace       used 6712K, capacity 6803K, committed 7168K, reserved 1056768K
  class space    used 639K, capacity 656K, committed 768K, reserved 1048576K
Event: 3.742 GC heap after
Heap after GC invocations=8 (full 2):
 PSYoungGen      total 173056K, used 67072K [0x00000000d5f00000, 0x00000000e6780000, 0x0000000100000000)
  eden space 105984K, 0% used [0x00000000d5f00000,0x00000000d5f00000,0x00000000dc680000)
  from space 67072K, 100% used [0x00000000e1600000,0x00000000e5780000,0x00000000e5780000)
  to   space 81408K, 0% used [0x00000000dc680000,0x00000000dc680000,0x00000000e1600000)
 ParOldGen       total 292864K, used 181273K [0x0000000081c00000, 0x0000000093a00000, 0x00000000d5f00000)
  object space 292864K, 61% used [0x0000000081c00000,0x000000008cd065d0,0x0000000093a00000)
 Metaspace       used 6712K, capacity 6803K, committed 7168K, reserved 1056768K
  class space    used 639K, capacity 656K, committed 768K, reserved 1048576K
}

