# JRE version: Java(TM) SE Runtime Environment (8.0_171-b11) (build 1.8.0_171-b11)
# Java VM: Java HotSpot(TM) 64-Bit Server VM (25.171-b11 mixed mode windows-amd64 compressed oops)
Heap:
 PSYoungGen      total 172032K, used 101028K [0x00000000d5f00000, 0x00000000e6480000, 0x0000000100000000)
  eden space 104960K, 32% used [0x00000000d5f00000,0x00000000d80292b8,0x00000000dc580000)
  from space 67072K, 100% used [0x00000000e1900000,0x00000000e5a80000,0x00000000e5a80000)
  to   space 81408K, 0% used [0x00000000dc580000,0x00000000dc580000,0x00000000e1500000)
 ParOldGen       total 291840K, used 181085K [0x0000000081c00000, 0x0000000093900000, 0x00000000d5f00000)
  object space 291840K, 62% used [0x0000000081c00000,0x000000008ccd7428,0x0000000093900000)
 Metaspace       used 8891K, capacity 8947K, committed 9088K, reserved 1056768K
  class space    used 852K, capacity 880K, committed 896K, reserved 1048576K
GC Heap History (10 events):
Event: 2.767 GC heap before
{Heap before GC invocations=4 (full 1):
 PSYoungGen      total 38400K, used 5102K [0x00000000d5f00000, 0x00000000daa00000, 0x0000000100000000)
  eden space 33280K, 0% used [0x00000000d5f00000,0x00000000d5f00000,0x00000000d7f80000)
  from space 5120K, 99% used [0x00000000d7f80000,0x00000000d847b8b0,0x00000000d8480000)
  to   space 5120K, 0% used [0x00000000da500000,0x00000000da500000,0x00000000daa00000)
 ParOldGen       total 87552K, used 80140K [0x0000000081c00000, 0x0000000087180000, 0x00000000d5f00000)
  object space 87552K, 91% used [0x0000000081c00000,0x0000000086a43398,0x0000000087180000)
 Metaspace       used 6702K, capacity 6739K, committed 6912K, reserved 1056768K
  class space    used 639K, capacity 656K, committed 768K, reserved 1048576K
Event: 2.789 GC heap after
Heap after GC invocations=4 (full 1):
 PSYoungGen      total 38400K, used 0K [0x00000000d5f00000, 0x00000000daa00000, 0x0000000100000000)
  eden space 33280K, 0% used [0x00000000d5f00000,0x00000000d5f00000,0x00000000d7f80000)
  from space 5120K, 0% used [0x00000000d7f80000,0x00000000d7f80000,0x00000000d8480000)
  to   space 5120K, 0% used [0x00000000da500000,0x00000000da500000,0x00000000daa00000)
 ParOldGen       total 164352K, used 83943K [0x0000000081c00000, 0x000000008bc80000, 0x00000000d5f00000)
  object space 164352K, 51% used [0x0000000081c00000,0x0000000086df9c88,0x000000008bc80000)
 Metaspace       used 6702K, capacity 6739K, committed 6912K, reserved 1056768K
  class space    used 639K, capacity 656K, committed 768K, reserved 1048576K
}
Event: 2.847 GC heap before
{Heap before GC invocations=5 (full 1):
 PSYoungGen      total 38400K, used 33280K [0x00000000d5f00000, 0x00000000daa00000, 0x0000000100000000)
  eden space 33280K, 100% used [0x00000000d5f00000,0x00000000d7f80000,0x00000000d7f80000)
  from space 5120K, 0% used [0x00000000d7f80000,0x00000000d7f80000,0x00000000d8480000)
  to   space 5120K, 0% used [0x00000000da500000,0x00000000da500000,0x00000000daa00000)
 ParOldGen       total 164352K, used 83943K [0x0000000081c00000, 0x000000008bc80000, 0x00000000d5f00000)
  object space 164352K, 51% used [0x0000000081c00000,0x0000000086df9c88,0x000000008bc80000)
 Metaspace       used 6702K, capacity 6739K, committed 6912K, reserved 1056768K
  class space    used 639K, capacity 656K, committed 768K, reserved 1048576K
Event: 2.860 GC heap after
Heap after GC invocations=5 (full 1):
 PSYoungGen      total 69120K, used 5120K [0x00000000d5f00000, 0x00000000daa00000, 0x0000000100000000)
  eden space 64000K, 0% used [0x00000000d5f00000,0x00000000d5f00000,0x00000000d9d80000)
  from space 5120K, 100% used [0x00000000da500000,0x00000000daa00000,0x00000000daa00000)
  to   space 5120K, 0% used [0x00000000da000000,0x00000000da000000,0x00000000da500000)
 ParOldGen       total 164352K, used 111505K [0x0000000081c00000, 0x000000008bc80000, 0x00000000d5f00000)
  object space 164352K, 67% used [0x0000000081c00000,0x00000000888e4678,0x000000008bc80000)
 Metaspace       used 6702K, capacity 6739K, committed 6912K, reserved 1056768K
  class space    used 639K, capacity 656K, committed 768K, reserved 1048576K
}
Event: 3.026 GC heap before
{Heap before GC invocations=6 (full 1):
 PSYoungGen      total 69120K, used 69120K [0x00000000d5f00000, 0x00000000daa00000, 0x0000000100000000)
  eden space 64000K, 100% used [0x00000000d5f00000,0x00000000d9d80000,0x00000000d9d80000)
  from space 5120K, 100% used [0x00000000da500000,0x00000000daa00000,0x00000000daa00000)
  to   space 5120K, 0% used [0x00000000da000000,0x00000000da000000,0x00000000da500000)
 ParOldGen       total 164352K, used 111505K [0x0000000081c00000, 0x000000008bc80000, 0x00000000d5f00000)
  object space 164352K, 67% used [0x0000000081c00000,0x00000000888e4678,0x000000008bc80000)
 Metaspace       used 6702K, capacity 6739K, committed 6912K, reserved 1056768K
  class space    used 639K, capacity 656K, committed 768K, reserved 1048576K
Event: 3.054 GC heap after
Heap after GC invocations=6 (full 1):
 PSYoungGen      total 71680K, used 5120K [0x00000000d5f00000, 0x00000000e5a80000, 0x0000000100000000)
  eden space 66560K, 0% used [0x00000000d5f00000,0x00000000d5f00000,0x00000000da000000)
  from space 5120K, 100% used [0x00000000da000000,0x00000000da500000,0x00000000da500000)
  to   space 67072K, 0% used [0x00000000e1900000,0x00000000e1900000,0x00000000e5a80000)
 ParOldGen       total 176128K, used 175214K [0x0000000081c00000, 0x000000008c800000, 0x00000000d5f00000)
  object space 176128K, 99% used [0x0000000081c00000,0x000000008c71b9e8,0x000000008c800000)
 Metaspace       used 6702K, capacity 6739K, committed 6912K, reserved 1056768K
  class space    used 639K, capacity 656K, committed 768K, reserved 1048576K
}
Event: 3.054 GC heap before
{Heap before GC invocations=7 (full 2):
 PSYoungGen      total 71680K, used 5120K [0x00000000d5f00000, 0x00000000e5a80000, 0x0000000100000000)
  eden space 66560K, 0% used [0x00000000d5f00000,0x00000000d5f00000,0x00000000da000000)
  from space 5120K, 100% used [0x00000000da000000,0x00000000da500000,0x00000000da500000)
  to   space 67072K, 0% used [0x00000000e1900000,0x00000000e1900000,0x00000000e5a80000)
 ParOldGen       total 176128K, used 175214K [0x0000000081c00000, 0x000000008c800000, 0x00000000d5f00000)
  object space 176128K, 99% used [0x0000000081c00000,0x000000008c71b9e8,0x000000008c800000)
 Metaspace       used 6702K, capacity 6739K, committed 6912K, reserved 1056768K
  class space    used 639K, capacity 656K, committed 768K, reserved 1048576K
Event: 3.094 GC heap after
Heap after GC invocations=7 (full 2):
 PSYoungGen      total 71680K, used 4511K [0x00000000d5f00000, 0x00000000e5a80000, 0x0000000100000000)
  eden space 66560K, 0% used [0x00000000d5f00000,0x00000000d5f00000,0x00000000da000000)
  from space 5120K, 88% used [0x00000000da000000,0x00000000da467cf0,0x00000000da500000)
  to   space 67072K, 0% used [0x00000000e1900000,0x00000000e1900000,0x00000000e5a80000)
 ParOldGen       total 291840K, used 175715K [0x0000000081c00000, 0x0000000093900000, 0x00000000d5f00000)
  object space 291840K, 60% used [0x0000000081c00000,0x000000008c798d98,0x0000000093900000)
 Metaspace       used 6702K, capacity 6739K, committed 6912K, reserved 1056768K
  class space    used 639K, capacity 656K, committed 768K, reserved 1048576K
}
Event: 3.318 GC heap before
{Heap before GC invocations=8 (full 2):
 PSYoungGen      total 71680K, used 71071K [0x00000000d5f00000, 0x00000000e5a80000, 0x0000000100000000)
  eden space 66560K, 100% used [0x00000000d5f00000,0x00000000da000000,0x00000000da000000)
  from space 5120K, 88% used [0x00000000da000000,0x00000000da467cf0,0x00000000da500000)
  to   space 67072K, 0% used [0x00000000e1900000,0x00000000e1900000,0x00000000e5a80000)
 ParOldGen       total 291840K, used 175715K [0x0000000081c00000, 0x0000000093900000, 0x00000000d5f00000)
  object space 291840K, 60% used [0x0000000081c00000,0x000000008c798d98,0x0000000093900000)
 Metaspace       used 6703K, capacity 6739K, committed 6912K, reserved 1056768K
  class space    used 639K, capacity 656K, committed 768K, reserved 1048576K
Event: 3.346 GC heap after
Heap after GC invocations=8 (full 2):
 PSYoungGen      total 172032K, used 67072K [0x00000000d5f00000, 0x00000000e6480000, 0x0000000100000000)
  eden space 104960K, 0% used [0x00000000d5f00000,0x00000000d5f00000,0x00000000dc580000)
  from space 67072K, 100% used [0x00000000e1900000,0x00000000e5a80000,0x00000000e5a80000)
  to   space 81408K, 0% used [0x00000000dc580000,0x00000000dc580000,0x00000000e1500000)
 ParOldGen       total 291840K, used 181085K [0x0000000081c00000, 0x0000000093900000, 0x00000000d5f00000)
  object space 291840K, 62% used [0x0000000081c00000,0x000000008ccd7428,0x0000000093900000)
 Metaspace       used 6703K, capacity 6739K, committed 6912K, reserved 1056768K
  class space    used 639K, capacity 656K, committed 768K, reserved 1048576K
}

