# JRE version: Java(TM) SE Runtime Environment (8.0_171-b11) (build 1.8.0_171-b11)
# Java VM: Java HotSpot(TM) 64-Bit Server VM (25.171-b11 mixed mode windows-amd64 compressed oops)
Heap:
 PSYoungGen      total 169984K, used 100146K [0x00000000d5f00000, 0x00000000e6380000, 0x0000000100000000)
  eden space 103424K, 32% used [0x00000000d5f00000,0x00000000d7fcc870,0x00000000dc400000)
  from space 66560K, 100% used [0x00000000e1300000,0x00000000e5400000,0x00000000e5400000)
  to   space 80896K, 0% used [0x00000000dc400000,0x00000000dc400000,0x00000000e1300000)
 ParOldGen       total 293376K, used 180784K [0x0000000081c00000, 0x0000000093a80000, 0x00000000d5f00000)
  object space 293376K, 61% used [0x0000000081c00000,0x000000008cc8c360,0x0000000093a80000)
 Metaspace       used 8997K, capacity 9075K, committed 9344K, reserved 1058816K
  class space    used 851K, capacity 880K, committed 896K, reserved 1048576K
GC Heap History (10 events):
Event: 2.213 GC heap before
{Heap before GC invocations=4 (full 1):
 PSYoungGen      total 38400K, used 5118K [0x00000000d5f00000, 0x00000000daa00000, 0x0000000100000000)
  eden space 33280K, 0% used [0x00000000d5f00000,0x00000000d5f00000,0x00000000d7f80000)
  from space 5120K, 99% used [0x00000000d7f80000,0x00000000d847f8a0,0x00000000d8480000)
  to   space 5120K, 0% used [0x00000000da500000,0x00000000da500000,0x00000000daa00000)
 ParOldGen       total 87552K, used 80097K [0x0000000081c00000, 0x0000000087180000, 0x00000000d5f00000)
  object space 87552K, 91% used [0x0000000081c00000,0x0000000086a38490,0x0000000087180000)
 Metaspace       used 6705K, capacity 6803K, committed 7168K, reserved 1056768K
  class space    used 639K, capacity 656K, committed 768K, reserved 1048576K
Event: 2.237 GC heap after
Heap after GC invocations=4 (full 1):
 PSYoungGen      total 38400K, used 0K [0x00000000d5f00000, 0x00000000daa00000, 0x0000000100000000)
  eden space 33280K, 0% used [0x00000000d5f00000,0x00000000d5f00000,0x00000000d7f80000)
  from space 5120K, 0% used [0x00000000d7f80000,0x00000000d7f80000,0x00000000d8480000)
  to   space 5120K, 0% used [0x00000000da500000,0x00000000da500000,0x00000000daa00000)
 ParOldGen       total 166400K, used 83938K [0x0000000081c00000, 0x000000008be80000, 0x00000000d5f00000)
  object space 166400K, 50% used [0x0000000081c00000,0x0000000086df8b20,0x000000008be80000)
 Metaspace       used 6705K, capacity 6803K, committed 7168K, reserved 1056768K
  class space    used 639K, capacity 656K, committed 768K, reserved 1048576K
}
Event: 2.309 GC heap before
{Heap before GC invocations=5 (full 1):
 PSYoungGen      total 38400K, used 33280K [0x00000000d5f00000, 0x00000000daa00000, 0x0000000100000000)
  eden space 33280K, 100% used [0x00000000d5f00000,0x00000000d7f80000,0x00000000d7f80000)
  from space 5120K, 0% used [0x00000000d7f80000,0x00000000d7f80000,0x00000000d8480000)
  to   space 5120K, 0% used [0x00000000da500000,0x00000000da500000,0x00000000daa00000)
 ParOldGen       total 166400K, used 83938K [0x0000000081c00000, 0x000000008be80000, 0x00000000d5f00000)
  object space 166400K, 50% used [0x0000000081c00000,0x0000000086df8b20,0x000000008be80000)
 Metaspace       used 6705K, capacity 6803K, committed 7168K, reserved 1056768K
  class space    used 639K, capacity 656K, committed 768K, reserved 1048576K
Event: 2.325 GC heap after
Heap after GC invocations=5 (full 1):
 PSYoungGen      total 67584K, used 5120K [0x00000000d5f00000, 0x00000000daa00000, 0x0000000100000000)
  eden space 62464K, 0% used [0x00000000d5f00000,0x00000000d5f00000,0x00000000d9c00000)
  from space 5120K, 100% used [0x00000000da500000,0x00000000daa00000,0x00000000daa00000)
  to   space 5120K, 0% used [0x00000000da000000,0x00000000da000000,0x00000000da500000)
 ParOldGen       total 166400K, used 112165K [0x0000000081c00000, 0x000000008be80000, 0x00000000d5f00000)
  object space 166400K, 67% used [0x0000000081c00000,0x00000000889895b0,0x000000008be80000)
 Metaspace       used 6705K, capacity 6803K, committed 7168K, reserved 1056768K
  class space    used 639K, capacity 656K, committed 768K, reserved 1048576K
}
Event: 2.543 GC heap before
{Heap before GC invocations=6 (full 1):
 PSYoungGen      total 67584K, used 67584K [0x00000000d5f00000, 0x00000000daa00000, 0x0000000100000000)
  eden space 62464K, 100% used [0x00000000d5f00000,0x00000000d9c00000,0x00000000d9c00000)
  from space 5120K, 100% used [0x00000000da500000,0x00000000daa00000,0x00000000daa00000)
  to   space 5120K, 0% used [0x00000000da000000,0x00000000da000000,0x00000000da500000)
 ParOldGen       total 166400K, used 112165K [0x0000000081c00000, 0x000000008be80000, 0x00000000d5f00000)
  object space 166400K, 67% used [0x0000000081c00000,0x00000000889895b0,0x000000008be80000)
 Metaspace       used 6705K, capacity 6803K, committed 7168K, reserved 1056768K
  class space    used 639K, capacity 656K, committed 768K, reserved 1048576K
Event: 2.572 GC heap after
Heap after GC invocations=6 (full 1):
 PSYoungGen      total 71680K, used 5120K [0x00000000d5f00000, 0x00000000e5400000, 0x0000000100000000)
  eden space 66560K, 0% used [0x00000000d5f00000,0x00000000d5f00000,0x00000000da000000)
  from space 5120K, 100% used [0x00000000da000000,0x00000000da500000,0x00000000da500000)
  to   space 66560K, 0% used [0x00000000e1300000,0x00000000e1300000,0x00000000e5400000)
 ParOldGen       total 175104K, used 174426K [0x0000000081c00000, 0x000000008c700000, 0x00000000d5f00000)
  object space 175104K, 99% used [0x0000000081c00000,0x000000008c656bb0,0x000000008c700000)
 Metaspace       used 6705K, capacity 6803K, committed 7168K, reserved 1056768K
  class space    used 639K, capacity 656K, committed 768K, reserved 1048576K
}
Event: 2.572 GC heap before
{Heap before GC invocations=7 (full 2):
 PSYoungGen      total 71680K, used 5120K [0x00000000d5f00000, 0x00000000e5400000, 0x0000000100000000)
  eden space 66560K, 0% used [0x00000000d5f00000,0x00000000d5f00000,0x00000000da000000)
  from space 5120K, 100% used [0x00000000da000000,0x00000000da500000,0x00000000da500000)
  to   space 66560K, 0% used [0x00000000e1300000,0x00000000e1300000,0x00000000e5400000)
 ParOldGen       total 175104K, used 174426K [0x0000000081c00000, 0x000000008c700000, 0x00000000d5f00000)
  object space 175104K, 99% used [0x0000000081c00000,0x000000008c656bb0,0x000000008c700000)
 Metaspace       used 6705K, capacity 6803K, committed 7168K, reserved 1056768K
  class space    used 639K, capacity 656K, committed 768K, reserved 1048576K
Event: 2.615 GC heap after
Heap after GC invocations=7 (full 2):
 PSYoungGen      total 71680K, used 4511K [0x00000000d5f00000, 0x00000000e5400000, 0x0000000100000000)
  eden space 66560K, 0% used [0x00000000d5f00000,0x00000000d5f00000,0x00000000da000000)
  from space 5120K, 88% used [0x00000000da000000,0x00000000da467ce0,0x00000000da500000)
  to   space 66560K, 0% used [0x00000000e1300000,0x00000000e1300000,0x00000000e5400000)
 ParOldGen       total 293376K, used 174926K [0x0000000081c00000, 0x0000000093a80000, 0x00000000d5f00000)
  object space 293376K, 59% used [0x0000000081c00000,0x000000008c6d39f0,0x0000000093a80000)
 Metaspace       used 6705K, capacity 6803K, committed 7168K, reserved 1056768K
  class space    used 639K, capacity 656K, committed 768K, reserved 1048576K
}
Event: 2.896 GC heap before
{Heap before GC invocations=8 (full 2):
 PSYoungGen      total 71680K, used 71071K [0x00000000d5f00000, 0x00000000e5400000, 0x0000000100000000)
  eden space 66560K, 100% used [0x00000000d5f00000,0x00000000da000000,0x00000000da000000)
  from space 5120K, 88% used [0x00000000da000000,0x00000000da467ce0,0x00000000da500000)
  to   space 66560K, 0% used [0x00000000e1300000,0x00000000e1300000,0x00000000e5400000)
 ParOldGen       total 293376K, used 174926K [0x0000000081c00000, 0x0000000093a80000, 0x00000000d5f00000)
  object space 293376K, 59% used [0x0000000081c00000,0x000000008c6d39f0,0x0000000093a80000)
 Metaspace       used 6706K, capacity 6803K, committed 7168K, reserved 1056768K
  class space    used 639K, capacity 656K, committed 768K, reserved 1048576K
Event: 2.928 GC heap after
Heap after GC invocations=8 (full 2):
 PSYoungGen      total 169984K, used 66560K [0x00000000d5f00000, 0x00000000e6380000, 0x0000000100000000)
  eden space 103424K, 0% used [0x00000000d5f00000,0x00000000d5f00000,0x00000000dc400000)
  from space 66560K, 100% used [0x00000000e1300000,0x00000000e5400000,0x00000000e5400000)
  to   space 80896K, 0% used [0x00000000dc400000,0x00000000dc400000,0x00000000e1300000)
 ParOldGen       total 293376K, used 180784K [0x0000000081c00000, 0x0000000093a80000, 0x00000000d5f00000)
  object space 293376K, 61% used [0x0000000081c00000,0x000000008cc8c360,0x0000000093a80000)
 Metaspace       used 6706K, capacity 6803K, committed 7168K, reserved 1056768K
  class space    used 639K, capacity 656K, committed 768K, reserved 1048576K
}

