# JRE version: Java(TM) SE Runtime Environment (8.0_171-b11) (build 1.8.0_171-b11)
# Java VM: Java HotSpot(TM) 64-Bit Server VM (25.171-b11 mixed mode windows-amd64 compressed oops)
Heap:
 PSYoungGen      total 133632K, used 103151K [0x00000000d5f00000, 0x00000000e5680000, 0x0000000100000000)
  eden space 72704K, 58% used [0x00000000d5f00000,0x00000000d883be60,0x00000000da600000)
  from space 60928K, 100% used [0x00000000dee80000,0x00000000e2a00000,0x00000000e2a00000)
  to   space 74240K, 0% used [0x00000000da600000,0x00000000da600000,0x00000000dee80000)
 ParOldGen       total 293376K, used 177733K [0x0000000081c00000, 0x0000000093a80000, 0x00000000d5f00000)
  object space 293376K, 60% used [0x0000000081c00000,0x000000008c9915d0,0x0000000093a80000)
 Metaspace       used 8892K, capacity 8947K, committed 9088K, reserved 1056768K
  class space    used 852K, capacity 880K, committed 896K, reserved 1048576K
GC Heap History (10 events):
Event: 2.664 GC heap before
{Heap before GC invocations=4 (full 1):
 PSYoungGen      total 38400K, used 5102K [0x00000000d5f00000, 0x00000000daa00000, 0x0000000100000000)
  eden space 33280K, 0% used [0x00000000d5f00000,0x00000000d5f00000,0x00000000d7f80000)
  from space 5120K, 99% used [0x00000000d7f80000,0x00000000d847b8b0,0x00000000d8480000)
  to   space 5120K, 0% used [0x00000000da500000,0x00000000da500000,0x00000000daa00000)
 ParOldGen       total 87552K, used 80129K [0x0000000081c00000, 0x0000000087180000, 0x00000000d5f00000)
  object space 87552K, 91% used [0x0000000081c00000,0x0000000086a40698,0x0000000087180000)
 Metaspace       used 6708K, capacity 6803K, committed 7168K, reserved 1056768K
  class space    used 639K, capacity 656K, committed 768K, reserved 1048576K
Event: 2.809 GC heap after
Heap after GC invocations=4 (full 1):
 PSYoungGen      total 38400K, used 0K [0x00000000d5f00000, 0x00000000daa00000, 0x0000000100000000)
  eden space 33280K, 0% used [0x00000000d5f00000,0x00000000d5f00000,0x00000000d7f80000)
  from space 5120K, 0% used [0x00000000d7f80000,0x00000000d7f80000,0x00000000d8480000)
  to   space 5120K, 0% used [0x00000000da500000,0x00000000da500000,0x00000000daa00000)
 ParOldGen       total 172544K, used 83947K [0x0000000081c00000, 0x000000008c480000, 0x00000000d5f00000)
  object space 172544K, 48% used [0x0000000081c00000,0x0000000086dfafa8,0x000000008c480000)
 Metaspace       used 6708K, capacity 6803K, committed 7168K, reserved 1056768K
  class space    used 639K, capacity 656K, committed 768K, reserved 1048576K
}
Event: 2.902 GC heap before
{Heap before GC invocations=5 (full 1):
 PSYoungGen      total 38400K, used 33280K [0x00000000d5f00000, 0x00000000daa00000, 0x0000000100000000)
  eden space 33280K, 100% used [0x00000000d5f00000,0x00000000d7f80000,0x00000000d7f80000)
  from space 5120K, 0% used [0x00000000d7f80000,0x00000000d7f80000,0x00000000d8480000)
  to   space 5120K, 0% used [0x00000000da500000,0x00000000da500000,0x00000000daa00000)
 ParOldGen       total 172544K, used 83947K [0x0000000081c00000, 0x000000008c480000, 0x00000000d5f00000)
  object space 172544K, 48% used [0x0000000081c00000,0x0000000086dfafa8,0x000000008c480000)
 Metaspace       used 6708K, capacity 6803K, committed 7168K, reserved 1056768K
  class space    used 639K, capacity 656K, committed 768K, reserved 1048576K
Event: 2.916 GC heap after
Heap after GC invocations=5 (full 1):
 PSYoungGen      total 58880K, used 5120K [0x00000000d5f00000, 0x00000000daa00000, 0x0000000100000000)
  eden space 53760K, 0% used [0x00000000d5f00000,0x00000000d5f00000,0x00000000d9380000)
  from space 5120K, 100% used [0x00000000da500000,0x00000000daa00000,0x00000000daa00000)
  to   space 5120K, 0% used [0x00000000da000000,0x00000000da000000,0x00000000da500000)
 ParOldGen       total 172544K, used 112174K [0x0000000081c00000, 0x000000008c480000, 0x00000000d5f00000)
  object space 172544K, 65% used [0x0000000081c00000,0x000000008898ba38,0x000000008c480000)
 Metaspace       used 6708K, capacity 6803K, committed 7168K, reserved 1056768K
  class space    used 639K, capacity 656K, committed 768K, reserved 1048576K
}
Event: 3.289 GC heap before
{Heap before GC invocations=6 (full 1):
 PSYoungGen      total 58880K, used 58880K [0x00000000d5f00000, 0x00000000daa00000, 0x0000000100000000)
  eden space 53760K, 100% used [0x00000000d5f00000,0x00000000d9380000,0x00000000d9380000)
  from space 5120K, 100% used [0x00000000da500000,0x00000000daa00000,0x00000000daa00000)
  to   space 5120K, 0% used [0x00000000da000000,0x00000000da000000,0x00000000da500000)
 ParOldGen       total 172544K, used 112174K [0x0000000081c00000, 0x000000008c480000, 0x00000000d5f00000)
  object space 172544K, 65% used [0x0000000081c00000,0x000000008898ba38,0x000000008c480000)
 Metaspace       used 6708K, capacity 6803K, committed 7168K, reserved 1056768K
  class space    used 639K, capacity 656K, committed 768K, reserved 1048576K
Event: 3.314 GC heap after
Heap after GC invocations=6 (full 1):
 PSYoungGen      total 71680K, used 5120K [0x00000000d5f00000, 0x00000000e2a00000, 0x0000000100000000)
  eden space 66560K, 0% used [0x00000000d5f00000,0x00000000d5f00000,0x00000000da000000)
  from space 5120K, 100% used [0x00000000da000000,0x00000000da500000,0x00000000da500000)
  to   space 60928K, 0% used [0x00000000dee80000,0x00000000dee80000,0x00000000e2a00000)
 ParOldGen       total 172544K, used 165914K [0x0000000081c00000, 0x000000008c480000, 0x00000000d5f00000)
  object space 172544K, 96% used [0x0000000081c00000,0x000000008be06b38,0x000000008c480000)
 Metaspace       used 6708K, capacity 6803K, committed 7168K, reserved 1056768K
  class space    used 639K, capacity 656K, committed 768K, reserved 1048576K
}
Event: 3.314 GC heap before
{Heap before GC invocations=7 (full 2):
 PSYoungGen      total 71680K, used 5120K [0x00000000d5f00000, 0x00000000e2a00000, 0x0000000100000000)
  eden space 66560K, 0% used [0x00000000d5f00000,0x00000000d5f00000,0x00000000da000000)
  from space 5120K, 100% used [0x00000000da000000,0x00000000da500000,0x00000000da500000)
  to   space 60928K, 0% used [0x00000000dee80000,0x00000000dee80000,0x00000000e2a00000)
 ParOldGen       total 172544K, used 165914K [0x0000000081c00000, 0x000000008c480000, 0x00000000d5f00000)
  object space 172544K, 96% used [0x0000000081c00000,0x000000008be06b38,0x000000008c480000)
 Metaspace       used 6708K, capacity 6803K, committed 7168K, reserved 1056768K
  class space    used 639K, capacity 656K, committed 768K, reserved 1048576K
Event: 3.356 GC heap after
Heap after GC invocations=7 (full 2):
 PSYoungGen      total 71680K, used 0K [0x00000000d5f00000, 0x00000000e2a00000, 0x0000000100000000)
  eden space 66560K, 0% used [0x00000000d5f00000,0x00000000d5f00000,0x00000000da000000)
  from space 5120K, 0% used [0x00000000da000000,0x00000000da000000,0x00000000da500000)
  to   space 60928K, 0% used [0x00000000dee80000,0x00000000dee80000,0x00000000e2a00000)
 ParOldGen       total 293376K, used 170916K [0x0000000081c00000, 0x0000000093a80000, 0x00000000d5f00000)
  object space 293376K, 58% used [0x0000000081c00000,0x000000008c2e91d0,0x0000000093a80000)
 Metaspace       used 6708K, capacity 6803K, committed 7168K, reserved 1056768K
  class space    used 639K, capacity 656K, committed 768K, reserved 1048576K
}
Event: 3.632 GC heap before
{Heap before GC invocations=8 (full 2):
 PSYoungGen      total 71680K, used 66560K [0x00000000d5f00000, 0x00000000e2a00000, 0x0000000100000000)
  eden space 66560K, 100% used [0x00000000d5f00000,0x00000000da000000,0x00000000da000000)
  from space 5120K, 0% used [0x00000000da000000,0x00000000da000000,0x00000000da500000)
  to   space 60928K, 0% used [0x00000000dee80000,0x00000000dee80000,0x00000000e2a00000)
 ParOldGen       total 293376K, used 170916K [0x0000000081c00000, 0x0000000093a80000, 0x00000000d5f00000)
  object space 293376K, 58% used [0x0000000081c00000,0x000000008c2e91d0,0x0000000093a80000)
 Metaspace       used 6708K, capacity 6803K, committed 7168K, reserved 1056768K
  class space    used 639K, capacity 656K, committed 768K, reserved 1048576K
Event: 3.672 GC heap after
Heap after GC invocations=8 (full 2):
 PSYoungGen      total 133632K, used 60928K [0x00000000d5f00000, 0x00000000e5680000, 0x0000000100000000)
  eden space 72704K, 0% used [0x00000000d5f00000,0x00000000d5f00000,0x00000000da600000)
  from space 60928K, 100% used [0x00000000dee80000,0x00000000e2a00000,0x00000000e2a00000)
  to   space 74240K, 0% used [0x00000000da600000,0x00000000da600000,0x00000000dee80000)
 ParOldGen       total 293376K, used 177733K [0x0000000081c00000, 0x0000000093a80000, 0x00000000d5f00000)
  object space 293376K, 60% used [0x0000000081c00000,0x000000008c9915d0,0x0000000093a80000)
 Metaspace       used 6708K, capacity 6803K, committed 7168K, reserved 1056768K
  class space    used 639K, capacity 656K, committed 768K, reserved 1048576K
}

