# JRE version: Java(TM) SE Runtime Environment (8.0_171-b11) (build 1.8.0_171-b11)
# Java VM: Java HotSpot(TM) 64-Bit Server VM (25.171-b11 mixed mode windows-amd64 compressed oops)
Heap:
 PSYoungGen      total 173056K, used 99368K [0x00000000d5f00000, 0x00000000e6780000, 0x0000000100000000)
  eden space 105984K, 30% used [0x00000000d5f00000,0x00000000d7e8a3c8,0x00000000dc680000)
  from space 67072K, 100% used [0x00000000e1600000,0x00000000e5780000,0x00000000e5780000)
  to   space 81408K, 0% used [0x00000000dc680000,0x00000000dc680000,0x00000000e1600000)
 ParOldGen       total 291840K, used 180884K [0x0000000081c00000, 0x0000000093900000, 0x00000000d5f00000)
  object space 291840K, 61% used [0x0000000081c00000,0x000000008cca52d0,0x0000000093900000)
 Metaspace       used 8980K, capacity 9075K, committed 9344K, reserved 1058816K
  class space    used 852K, capacity 880K, committed 896K, reserved 1048576K
GC Heap History (10 events):
Event: 2.409 GC heap before
{Heap before GC invocations=4 (full 1):
 PSYoungGen      total 38400K, used 5118K [0x00000000d5f00000, 0x00000000daa00000, 0x0000000100000000)
  eden space 33280K, 0% used [0x00000000d5f00000,0x00000000d5f00000,0x00000000d7f80000)
  from space 5120K, 99% used [0x00000000d7f80000,0x00000000d847f8a0,0x00000000d8480000)
  to   space 5120K, 0% used [0x00000000da500000,0x00000000da500000,0x00000000daa00000)
 ParOldGen       total 87552K, used 80123K [0x0000000081c00000, 0x0000000087180000, 0x00000000d5f00000)
  object space 87552K, 91% used [0x0000000081c00000,0x0000000086a3ef18,0x0000000087180000)
 Metaspace       used 6702K, capacity 6739K, committed 6912K, reserved 1056768K
  class space    used 639K, capacity 656K, committed 768K, reserved 1048576K
Event: 2.434 GC heap after
Heap after GC invocations=4 (full 1):
 PSYoungGen      total 38400K, used 0K [0x00000000d5f00000, 0x00000000daa00000, 0x0000000100000000)
  eden space 33280K, 0% used [0x00000000d5f00000,0x00000000d5f00000,0x00000000d7f80000)
  from space 5120K, 0% used [0x00000000d7f80000,0x00000000d7f80000,0x00000000d8480000)
  to   space 5120K, 0% used [0x00000000da500000,0x00000000da500000,0x00000000daa00000)
 ParOldGen       total 165888K, used 83944K [0x0000000081c00000, 0x000000008be00000, 0x00000000d5f00000)
  object space 165888K, 50% used [0x0000000081c00000,0x0000000086dfa350,0x000000008be00000)
 Metaspace       used 6702K, capacity 6739K, committed 6912K, reserved 1056768K
  class space    used 639K, capacity 656K, committed 768K, reserved 1048576K
}
Event: 2.495 GC heap before
{Heap before GC invocations=5 (full 1):
 PSYoungGen      total 38400K, used 33280K [0x00000000d5f00000, 0x00000000daa00000, 0x0000000100000000)
  eden space 33280K, 100% used [0x00000000d5f00000,0x00000000d7f80000,0x00000000d7f80000)
  from space 5120K, 0% used [0x00000000d7f80000,0x00000000d7f80000,0x00000000d8480000)
  to   space 5120K, 0% used [0x00000000da500000,0x00000000da500000,0x00000000daa00000)
 ParOldGen       total 165888K, used 83944K [0x0000000081c00000, 0x000000008be00000, 0x00000000d5f00000)
  object space 165888K, 50% used [0x0000000081c00000,0x0000000086dfa350,0x000000008be00000)
 Metaspace       used 6702K, capacity 6739K, committed 6912K, reserved 1056768K
  class space    used 639K, capacity 656K, committed 768K, reserved 1048576K
Event: 2.510 GC heap after
Heap after GC invocations=5 (full 1):
 PSYoungGen      total 68096K, used 5120K [0x00000000d5f00000, 0x00000000daa00000, 0x0000000100000000)
  eden space 62976K, 0% used [0x00000000d5f00000,0x00000000d5f00000,0x00000000d9c80000)
  from space 5120K, 100% used [0x00000000da500000,0x00000000daa00000,0x00000000daa00000)
  to   space 5120K, 0% used [0x00000000da000000,0x00000000da000000,0x00000000da500000)
 ParOldGen       total 165888K, used 112171K [0x0000000081c00000, 0x000000008be00000, 0x00000000d5f00000)
  object space 165888K, 67% used [0x0000000081c00000,0x000000008898ade0,0x000000008be00000)
 Metaspace       used 6702K, capacity 6739K, committed 6912K, reserved 1056768K
  class space    used 639K, capacity 656K, committed 768K, reserved 1048576K
}
Event: 2.695 GC heap before
{Heap before GC invocations=6 (full 1):
 PSYoungGen      total 68096K, used 68096K [0x00000000d5f00000, 0x00000000daa00000, 0x0000000100000000)
  eden space 62976K, 100% used [0x00000000d5f00000,0x00000000d9c80000,0x00000000d9c80000)
  from space 5120K, 100% used [0x00000000da500000,0x00000000daa00000,0x00000000daa00000)
  to   space 5120K, 0% used [0x00000000da000000,0x00000000da000000,0x00000000da500000)
 ParOldGen       total 165888K, used 112171K [0x0000000081c00000, 0x000000008be00000, 0x00000000d5f00000)
  object space 165888K, 67% used [0x0000000081c00000,0x000000008898ade0,0x000000008be00000)
 Metaspace       used 6702K, capacity 6739K, committed 6912K, reserved 1056768K
  class space    used 639K, capacity 656K, committed 768K, reserved 1048576K
Event: 2.731 GC heap after
Heap after GC invocations=6 (full 1):
 PSYoungGen      total 71680K, used 5120K [0x00000000d5f00000, 0x00000000e5780000, 0x0000000100000000)
  eden space 66560K, 0% used [0x00000000d5f00000,0x00000000d5f00000,0x00000000da000000)
  from space 5120K, 100% used [0x00000000da000000,0x00000000da500000,0x00000000da500000)
  to   space 67072K, 0% used [0x00000000e1600000,0x00000000e1600000,0x00000000e5780000)
 ParOldGen       total 175104K, used 175084K [0x0000000081c00000, 0x000000008c700000, 0x00000000d5f00000)
  object space 175104K, 99% used [0x0000000081c00000,0x000000008c6fb260,0x000000008c700000)
 Metaspace       used 6702K, capacity 6739K, committed 6912K, reserved 1056768K
  class space    used 639K, capacity 656K, committed 768K, reserved 1048576K
}
Event: 2.731 GC heap before
{Heap before GC invocations=7 (full 2):
 PSYoungGen      total 71680K, used 5120K [0x00000000d5f00000, 0x00000000e5780000, 0x0000000100000000)
  eden space 66560K, 0% used [0x00000000d5f00000,0x00000000d5f00000,0x00000000da000000)
  from space 5120K, 100% used [0x00000000da000000,0x00000000da500000,0x00000000da500000)
  to   space 67072K, 0% used [0x00000000e1600000,0x00000000e1600000,0x00000000e5780000)
 ParOldGen       total 175104K, used 175084K [0x0000000081c00000, 0x000000008c700000, 0x00000000d5f00000)
  object space 175104K, 99% used [0x0000000081c00000,0x000000008c6fb260,0x000000008c700000)
 Metaspace       used 6702K, capacity 6739K, committed 6912K, reserved 1056768K
  class space    used 639K, capacity 656K, committed 768K, reserved 1048576K
Event: 2.772 GC heap after
Heap after GC invocations=7 (full 2):
 PSYoungGen      total 71680K, used 5012K [0x00000000d5f00000, 0x00000000e5780000, 0x0000000100000000)
  eden space 66560K, 0% used [0x00000000d5f00000,0x00000000d5f00000,0x00000000da000000)
  from space 5120K, 97% used [0x00000000da000000,0x00000000da4e51d0,0x00000000da500000)
  to   space 67072K, 0% used [0x00000000e1600000,0x00000000e1600000,0x00000000e5780000)
 ParOldGen       total 291840K, used 175082K [0x0000000081c00000, 0x0000000093900000, 0x00000000d5f00000)
  object space 291840K, 59% used [0x0000000081c00000,0x000000008c6faaf0,0x0000000093900000)
 Metaspace       used 6702K, capacity 6739K, committed 6912K, reserved 1056768K
  class space    used 639K, capacity 656K, committed 768K, reserved 1048576K
}
Event: 3.032 GC heap before
{Heap before GC invocations=8 (full 2):
 PSYoungGen      total 71680K, used 71572K [0x00000000d5f00000, 0x00000000e5780000, 0x0000000100000000)
  eden space 66560K, 100% used [0x00000000d5f00000,0x00000000da000000,0x00000000da000000)
  from space 5120K, 97% used [0x00000000da000000,0x00000000da4e51d0,0x00000000da500000)
  to   space 67072K, 0% used [0x00000000e1600000,0x00000000e1600000,0x00000000e5780000)
 ParOldGen       total 291840K, used 175082K [0x0000000081c00000, 0x0000000093900000, 0x00000000d5f00000)
  object space 291840K, 59% used [0x0000000081c00000,0x000000008c6faaf0,0x0000000093900000)
 Metaspace       used 6702K, capacity 6739K, committed 6912K, reserved 1056768K
  class space    used 639K, capacity 656K, committed 768K, reserved 1048576K
Event: 3.076 GC heap after
Heap after GC invocations=8 (full 2):
 PSYoungGen      total 173056K, used 67072K [0x00000000d5f00000, 0x00000000e6780000, 0x0000000100000000)
  eden space 105984K, 0% used [0x00000000d5f00000,0x00000000d5f00000,0x00000000dc680000)
  from space 67072K, 100% used [0x00000000e1600000,0x00000000e5780000,0x00000000e5780000)
  to   space 81408K, 0% used [0x00000000dc680000,0x00000000dc680000,0x00000000e1600000)
 ParOldGen       total 291840K, used 180884K [0x0000000081c00000, 0x0000000093900000, 0x00000000d5f00000)
  object space 291840K, 61% used [0x0000000081c00000,0x000000008cca52d0,0x0000000093900000)
 Metaspace       used 6702K, capacity 6739K, committed 6912K, reserved 1056768K
  class space    used 639K, capacity 656K, committed 768K, reserved 1048576K
}

