# JRE version: Java(TM) SE Runtime Environment (8.0_171-b11) (build 1.8.0_171-b11)
# Java VM: Java HotSpot(TM) 64-Bit Server VM (25.171-b11 mixed mode windows-amd64 compressed oops)
Heap:
 PSYoungGen      total 179200K, used 99541K [0x00000000d5f00000, 0x00000000e6a80000, 0x0000000100000000)
  eden space 111104K, 28% used [0x00000000d5f00000,0x00000000d7db55f8,0x00000000dcb80000)
  from space 68096K, 100% used [0x00000000e1b80000,0x00000000e5e00000,0x00000000e5e00000)
  to   space 81408K, 0% used [0x00000000dcb80000,0x00000000dcb80000,0x00000000e1b00000)
 ParOldGen       total 286720K, used 179964K [0x0000000081c00000, 0x0000000093400000, 0x00000000d5f00000)
  object space 286720K, 62% used [0x0000000081c00000,0x000000008cbbf088,0x0000000093400000)
 Metaspace       used 8965K, capacity 9011K, committed 9088K, reserved 1056768K
  class space    used 852K, capacity 880K, committed 896K, reserved 1048576K
GC Heap History (10 events):
Event: 2.545 GC heap before
{Heap before GC invocations=4 (full 1):
 PSYoungGen      total 38400K, used 5118K [0x00000000d5f00000, 0x00000000daa00000, 0x0000000100000000)
  eden space 33280K, 0% used [0x00000000d5f00000,0x00000000d5f00000,0x00000000d7f80000)
  from space 5120K, 99% used [0x00000000d7f80000,0x00000000d847f8a0,0x00000000d8480000)
  to   space 5120K, 0% used [0x00000000da500000,0x00000000da500000,0x00000000daa00000)
 ParOldGen       total 87552K, used 80130K [0x0000000081c00000, 0x0000000087180000, 0x00000000d5f00000)
  object space 87552K, 91% used [0x0000000081c00000,0x0000000086a40860,0x0000000087180000)
 Metaspace       used 6706K, capacity 6803K, committed 7168K, reserved 1056768K
  class space    used 639K, capacity 656K, committed 768K, reserved 1048576K
Event: 2.571 GC heap after
Heap after GC invocations=4 (full 1):
 PSYoungGen      total 38400K, used 0K [0x00000000d5f00000, 0x00000000daa00000, 0x0000000100000000)
  eden space 33280K, 0% used [0x00000000d5f00000,0x00000000d5f00000,0x00000000d7f80000)
  from space 5120K, 0% used [0x00000000d7f80000,0x00000000d7f80000,0x00000000d8480000)
  to   space 5120K, 0% used [0x00000000da500000,0x00000000da500000,0x00000000daa00000)
 ParOldGen       total 162816K, used 83955K [0x0000000081c00000, 0x000000008bb00000, 0x00000000d5f00000)
  object space 162816K, 51% used [0x0000000081c00000,0x0000000086dfce40,0x000000008bb00000)
 Metaspace       used 6706K, capacity 6803K, committed 7168K, reserved 1056768K
  class space    used 639K, capacity 656K, committed 768K, reserved 1048576K
}
Event: 2.650 GC heap before
{Heap before GC invocations=5 (full 1):
 PSYoungGen      total 38400K, used 33280K [0x00000000d5f00000, 0x00000000daa00000, 0x0000000100000000)
  eden space 33280K, 100% used [0x00000000d5f00000,0x00000000d7f80000,0x00000000d7f80000)
  from space 5120K, 0% used [0x00000000d7f80000,0x00000000d7f80000,0x00000000d8480000)
  to   space 5120K, 0% used [0x00000000da500000,0x00000000da500000,0x00000000daa00000)
 ParOldGen       total 162816K, used 83955K [0x0000000081c00000, 0x000000008bb00000, 0x00000000d5f00000)
  object space 162816K, 51% used [0x0000000081c00000,0x0000000086dfce40,0x000000008bb00000)
 Metaspace       used 6706K, capacity 6803K, committed 7168K, reserved 1056768K
  class space    used 639K, capacity 656K, committed 768K, reserved 1048576K
Event: 2.663 GC heap after
Heap after GC invocations=5 (full 1):
 PSYoungGen      total 69632K, used 5120K [0x00000000d5f00000, 0x00000000daa00000, 0x0000000100000000)
  eden space 64512K, 0% used [0x00000000d5f00000,0x00000000d5f00000,0x00000000d9e00000)
  from space 5120K, 100% used [0x00000000da500000,0x00000000daa00000,0x00000000daa00000)
  to   space 5120K, 0% used [0x00000000da000000,0x00000000da000000,0x00000000da500000)
 ParOldGen       total 162816K, used 112182K [0x0000000081c00000, 0x000000008bb00000, 0x00000000d5f00000)
  object space 162816K, 68% used [0x0000000081c00000,0x000000008898d8d0,0x000000008bb00000)
 Metaspace       used 6706K, capacity 6803K, committed 7168K, reserved 1056768K
  class space    used 639K, capacity 656K, committed 768K, reserved 1048576K
}
Event: 2.869 GC heap before
{Heap before GC invocations=6 (full 1):
 PSYoungGen      total 69632K, used 69632K [0x00000000d5f00000, 0x00000000daa00000, 0x0000000100000000)
  eden space 64512K, 100% used [0x00000000d5f00000,0x00000000d9e00000,0x00000000d9e00000)
  from space 5120K, 100% used [0x00000000da500000,0x00000000daa00000,0x00000000daa00000)
  to   space 5120K, 0% used [0x00000000da000000,0x00000000da000000,0x00000000da500000)
 ParOldGen       total 162816K, used 112182K [0x0000000081c00000, 0x000000008bb00000, 0x00000000d5f00000)
  object space 162816K, 68% used [0x0000000081c00000,0x000000008898d8d0,0x000000008bb00000)
 Metaspace       used 6706K, capacity 6803K, committed 7168K, reserved 1056768K
  class space    used 639K, capacity 656K, committed 768K, reserved 1048576K
Event: 2.898 GC heap after
Heap after GC invocations=6 (full 1):
 PSYoungGen      total 71680K, used 5120K [0x00000000d5f00000, 0x00000000e5e00000, 0x0000000100000000)
  eden space 66560K, 0% used [0x00000000d5f00000,0x00000000d5f00000,0x00000000da000000)
  from space 5120K, 100% used [0x00000000da000000,0x00000000da500000,0x00000000da500000)
  to   space 68096K, 0% used [0x00000000e1b80000,0x00000000e1b80000,0x00000000e5e00000)
 ParOldGen       total 176640K, used 176404K [0x0000000081c00000, 0x000000008c880000, 0x00000000d5f00000)
  object space 176640K, 99% used [0x0000000081c00000,0x000000008c845350,0x000000008c880000)
 Metaspace       used 6706K, capacity 6803K, committed 7168K, reserved 1056768K
  class space    used 639K, capacity 656K, committed 768K, reserved 1048576K
}
Event: 2.898 GC heap before
{Heap before GC invocations=7 (full 2):
 PSYoungGen      total 71680K, used 5120K [0x00000000d5f00000, 0x00000000e5e00000, 0x0000000100000000)
  eden space 66560K, 0% used [0x00000000d5f00000,0x00000000d5f00000,0x00000000da000000)
  from space 5120K, 100% used [0x00000000da000000,0x00000000da500000,0x00000000da500000)
  to   space 68096K, 0% used [0x00000000e1b80000,0x00000000e1b80000,0x00000000e5e00000)
 ParOldGen       total 176640K, used 176404K [0x0000000081c00000, 0x000000008c880000, 0x00000000d5f00000)
  object space 176640K, 99% used [0x0000000081c00000,0x000000008c845350,0x000000008c880000)
 Metaspace       used 6706K, capacity 6803K, committed 7168K, reserved 1056768K
  class space    used 639K, capacity 656K, committed 768K, reserved 1048576K
Event: 2.942 GC heap after
Heap after GC invocations=7 (full 2):
 PSYoungGen      total 71680K, used 5012K [0x00000000d5f00000, 0x00000000e5e00000, 0x0000000100000000)
  eden space 66560K, 0% used [0x00000000d5f00000,0x00000000d5f00000,0x00000000da000000)
  from space 5120K, 97% used [0x00000000da000000,0x00000000da4e51e0,0x00000000da500000)
  to   space 68096K, 0% used [0x00000000e1b80000,0x00000000e1b80000,0x00000000e5e00000)
 ParOldGen       total 286720K, used 176392K [0x0000000081c00000, 0x0000000093400000, 0x00000000d5f00000)
  object space 286720K, 61% used [0x0000000081c00000,0x000000008c8422e8,0x0000000093400000)
 Metaspace       used 6706K, capacity 6803K, committed 7168K, reserved 1056768K
  class space    used 639K, capacity 656K, committed 768K, reserved 1048576K
}
Event: 3.214 GC heap before
{Heap before GC invocations=8 (full 2):
 PSYoungGen      total 71680K, used 71572K [0x00000000d5f00000, 0x00000000e5e00000, 0x0000000100000000)
  eden space 66560K, 100% used [0x00000000d5f00000,0x00000000da000000,0x00000000da000000)
  from space 5120K, 97% used [0x00000000da000000,0x00000000da4e51e0,0x00000000da500000)
  to   space 68096K, 0% used [0x00000000e1b80000,0x00000000e1b80000,0x00000000e5e00000)
 ParOldGen       total 286720K, used 176392K [0x0000000081c00000, 0x0000000093400000, 0x00000000d5f00000)
  object space 286720K, 61% used [0x0000000081c00000,0x000000008c8422e8,0x0000000093400000)
 Metaspace       used 6707K, capacity 6803K, committed 7168K, reserved 1056768K
  class space    used 639K, capacity 656K, committed 768K, reserved 1048576K
Event: 3.245 GC heap after
Heap after GC invocations=8 (full 2):
 PSYoungGen      total 179200K, used 68096K [0x00000000d5f00000, 0x00000000e6a80000, 0x0000000100000000)
  eden space 111104K, 0% used [0x00000000d5f00000,0x00000000d5f00000,0x00000000dcb80000)
  from space 68096K, 100% used [0x00000000e1b80000,0x00000000e5e00000,0x00000000e5e00000)
  to   space 81408K, 0% used [0x00000000dcb80000,0x00000000dcb80000,0x00000000e1b00000)
 ParOldGen       total 286720K, used 179964K [0x0000000081c00000, 0x0000000093400000, 0x00000000d5f00000)
  object space 286720K, 62% used [0x0000000081c00000,0x000000008cbbf088,0x0000000093400000)
 Metaspace       used 6707K, capacity 6803K, committed 7168K, reserved 1056768K
  class space    used 639K, capacity 656K, committed 768K, reserved 1048576K
}

