# JRE version: Java(TM) SE Runtime Environment (8.0_171-b11) (build 1.8.0_171-b11)
# Java VM: Java HotSpot(TM) 64-Bit Server VM (25.171-b11 mixed mode windows-amd64 compressed oops)
Heap:
 PSYoungGen      total 167936K, used 99390K [0x00000000d5f00000, 0x00000000e6000000, 0x0000000100000000)
  eden space 101376K, 32% used [0x00000000d5f00000,0x00000000d7f0f9a8,0x00000000dc200000)
  from space 66560K, 100% used [0x00000000e1380000,0x00000000e5480000,0x00000000e5480000)
  to   space 80896K, 0% used [0x00000000dc200000,0x00000000dc200000,0x00000000e1100000)
 ParOldGen       total 293888K, used 180195K [0x0000000081c00000, 0x0000000093b00000, 0x00000000d5f00000)
  object space 293888K, 61% used [0x0000000081c00000,0x000000008cbf8ee8,0x0000000093b00000)
 Metaspace       used 9022K, capacity 9139K, committed 9344K, reserved 1058816K
  class space    used 852K, capacity 880K, committed 896K, reserved 1048576K
GC Heap History (10 events):
Event: 3.112 GC heap before
{Heap before GC invocations=4 (full 1):
 PSYoungGen      total 38400K, used 5118K [0x00000000d5f00000, 0x00000000daa00000, 0x0000000100000000)
  eden space 33280K, 0% used [0x00000000d5f00000,0x00000000d5f00000,0x00000000d7f80000)
  from space 5120K, 99% used [0x00000000d7f80000,0x00000000d847f8a0,0x00000000d8480000)
  to   space 5120K, 0% used [0x00000000da500000,0x00000000da500000,0x00000000daa00000)
 ParOldGen       total 87552K, used 80117K [0x0000000081c00000, 0x0000000087180000, 0x00000000d5f00000)
  object space 87552K, 91% used [0x0000000081c00000,0x0000000086a3d640,0x0000000087180000)
 Metaspace       used 6710K, capacity 6803K, committed 7168K, reserved 1056768K
  class space    used 639K, capacity 656K, committed 768K, reserved 1048576K
Event: 3.140 GC heap after
Heap after GC invocations=4 (full 1):
 PSYoungGen      total 38400K, used 0K [0x00000000d5f00000, 0x00000000daa00000, 0x0000000100000000)
  eden space 33280K, 0% used [0x00000000d5f00000,0x00000000d5f00000,0x00000000d7f80000)
  from space 5120K, 0% used [0x00000000d7f80000,0x00000000d7f80000,0x00000000d8480000)
  to   space 5120K, 0% used [0x00000000da500000,0x00000000da500000,0x00000000daa00000)
 ParOldGen       total 165888K, used 83945K [0x0000000081c00000, 0x000000008be00000, 0x00000000d5f00000)
  object space 165888K, 50% used [0x0000000081c00000,0x0000000086dfa4b8,0x000000008be00000)
 Metaspace       used 6710K, capacity 6803K, committed 7168K, reserved 1056768K
  class space    used 639K, capacity 656K, committed 768K, reserved 1048576K
}
Event: 3.216 GC heap before
{Heap before GC invocations=5 (full 1):
 PSYoungGen      total 38400K, used 33280K [0x00000000d5f00000, 0x00000000daa00000, 0x0000000100000000)
  eden space 33280K, 100% used [0x00000000d5f00000,0x00000000d7f80000,0x00000000d7f80000)
  from space 5120K, 0% used [0x00000000d7f80000,0x00000000d7f80000,0x00000000d8480000)
  to   space 5120K, 0% used [0x00000000da500000,0x00000000da500000,0x00000000daa00000)
 ParOldGen       total 165888K, used 83945K [0x0000000081c00000, 0x000000008be00000, 0x00000000d5f00000)
  object space 165888K, 50% used [0x0000000081c00000,0x0000000086dfa4b8,0x000000008be00000)
 Metaspace       used 6710K, capacity 6803K, committed 7168K, reserved 1056768K
  class space    used 639K, capacity 656K, committed 768K, reserved 1048576K
Event: 3.229 GC heap after
Heap after GC invocations=5 (full 1):
 PSYoungGen      total 67584K, used 5120K [0x00000000d5f00000, 0x00000000daa00000, 0x0000000100000000)
  eden space 62464K, 0% used [0x00000000d5f00000,0x00000000d5f00000,0x00000000d9c00000)
  from space 5120K, 100% used [0x00000000da500000,0x00000000daa00000,0x00000000daa00000)
  to   space 5120K, 0% used [0x00000000da000000,0x00000000da000000,0x00000000da500000)
 ParOldGen       total 165888K, used 111507K [0x0000000081c00000, 0x000000008be00000, 0x00000000d5f00000)
  object space 165888K, 67% used [0x0000000081c00000,0x00000000888e4ea8,0x000000008be00000)
 Metaspace       used 6710K, capacity 6803K, committed 7168K, reserved 1056768K
  class space    used 639K, capacity 656K, committed 768K, reserved 1048576K
}
Event: 3.424 GC heap before
{Heap before GC invocations=6 (full 1):
 PSYoungGen      total 67584K, used 67584K [0x00000000d5f00000, 0x00000000daa00000, 0x0000000100000000)
  eden space 62464K, 100% used [0x00000000d5f00000,0x00000000d9c00000,0x00000000d9c00000)
  from space 5120K, 100% used [0x00000000da500000,0x00000000daa00000,0x00000000daa00000)
  to   space 5120K, 0% used [0x00000000da000000,0x00000000da000000,0x00000000da500000)
 ParOldGen       total 165888K, used 111507K [0x0000000081c00000, 0x000000008be00000, 0x00000000d5f00000)
  object space 165888K, 67% used [0x0000000081c00000,0x00000000888e4ea8,0x000000008be00000)
 Metaspace       used 6710K, capacity 6803K, committed 7168K, reserved 1056768K
  class space    used 639K, capacity 656K, committed 768K, reserved 1048576K
Event: 3.450 GC heap after
Heap after GC invocations=6 (full 1):
 PSYoungGen      total 71680K, used 5120K [0x00000000d5f00000, 0x00000000e5480000, 0x0000000100000000)
  eden space 66560K, 0% used [0x00000000d5f00000,0x00000000d5f00000,0x00000000da000000)
  from space 5120K, 100% used [0x00000000da000000,0x00000000da500000,0x00000000da500000)
  to   space 66560K, 0% used [0x00000000e1380000,0x00000000e1380000,0x00000000e5480000)
 ParOldGen       total 174592K, used 173894K [0x0000000081c00000, 0x000000008c680000, 0x00000000d5f00000)
  object space 174592K, 99% used [0x0000000081c00000,0x000000008c5d19d8,0x000000008c680000)
 Metaspace       used 6710K, capacity 6803K, committed 7168K, reserved 1056768K
  class space    used 639K, capacity 656K, committed 768K, reserved 1048576K
}
Event: 3.450 GC heap before
{Heap before GC invocations=7 (full 2):
 PSYoungGen      total 71680K, used 5120K [0x00000000d5f00000, 0x00000000e5480000, 0x0000000100000000)
  eden space 66560K, 0% used [0x00000000d5f00000,0x00000000d5f00000,0x00000000da000000)
  from space 5120K, 100% used [0x00000000da000000,0x00000000da500000,0x00000000da500000)
  to   space 66560K, 0% used [0x00000000e1380000,0x00000000e1380000,0x00000000e5480000)
 ParOldGen       total 174592K, used 173894K [0x0000000081c00000, 0x000000008c680000, 0x00000000d5f00000)
  object space 174592K, 99% used [0x0000000081c00000,0x000000008c5d19d8,0x000000008c680000)
 Metaspace       used 6710K, capacity 6803K, committed 7168K, reserved 1056768K
  class space    used 639K, capacity 656K, committed 768K, reserved 1048576K
Event: 3.499 GC heap after
Heap after GC invocations=7 (full 2):
 PSYoungGen      total 71680K, used 4511K [0x00000000d5f00000, 0x00000000e5480000, 0x0000000100000000)
  eden space 66560K, 0% used [0x00000000d5f00000,0x00000000d5f00000,0x00000000da000000)
  from space 5120K, 88% used [0x00000000da000000,0x00000000da467d00,0x00000000da500000)
  to   space 66560K, 0% used [0x00000000e1380000,0x00000000e1380000,0x00000000e5480000)
 ParOldGen       total 293888K, used 174393K [0x0000000081c00000, 0x0000000093b00000, 0x00000000d5f00000)
  object space 293888K, 59% used [0x0000000081c00000,0x000000008c64e708,0x0000000093b00000)
 Metaspace       used 6710K, capacity 6803K, committed 7168K, reserved 1056768K
  class space    used 639K, capacity 656K, committed 768K, reserved 1048576K
}
Event: 3.761 GC heap before
{Heap before GC invocations=8 (full 2):
 PSYoungGen      total 71680K, used 71071K [0x00000000d5f00000, 0x00000000e5480000, 0x0000000100000000)
  eden space 66560K, 100% used [0x00000000d5f00000,0x00000000da000000,0x00000000da000000)
  from space 5120K, 88% used [0x00000000da000000,0x00000000da467d00,0x00000000da500000)
  to   space 66560K, 0% used [0x00000000e1380000,0x00000000e1380000,0x00000000e5480000)
 ParOldGen       total 293888K, used 174393K [0x0000000081c00000, 0x0000000093b00000, 0x00000000d5f00000)
  object space 293888K, 59% used [0x0000000081c00000,0x000000008c64e708,0x0000000093b00000)
 Metaspace       used 6710K, capacity 6803K, committed 7168K, reserved 1056768K
  class space    used 639K, capacity 656K, committed 768K, reserved 1048576K
Event: 3.791 GC heap after
Heap after GC invocations=8 (full 2):
 PSYoungGen      total 167936K, used 66560K [0x00000000d5f00000, 0x00000000e6000000, 0x0000000100000000)
  eden space 101376K, 0% used [0x00000000d5f00000,0x00000000d5f00000,0x00000000dc200000)
  from space 66560K, 100% used [0x00000000e1380000,0x00000000e5480000,0x00000000e5480000)
  to   space 80896K, 0% used [0x00000000dc200000,0x00000000dc200000,0x00000000e1100000)
 ParOldGen       total 293888K, used 180195K [0x0000000081c00000, 0x0000000093b00000, 0x00000000d5f00000)
  object space 293888K, 61% used [0x0000000081c00000,0x000000008cbf8ee8,0x0000000093b00000)
 Metaspace       used 6710K, capacity 6803K, committed 7168K, reserved 1056768K
  class space    used 639K, capacity 656K, committed 768K, reserved 1048576K
}

