# JRE version: Java(TM) SE Runtime Environment (8.0_171-b11) (build 1.8.0_171-b11)
# Java VM: Java HotSpot(TM) 64-Bit Server VM (25.171-b11 mixed mode windows-amd64 compressed oops)
Heap:
 PSYoungGen      total 167424K, used 102879K [0x00000000d5f00000, 0x00000000e6300000, 0x0000000100000000)
  eden space 101376K, 36% used [0x00000000d5f00000,0x00000000d82f7e78,0x00000000dc200000)
  from space 66048K, 100% used [0x00000000e1080000,0x00000000e5100000,0x00000000e5100000)
  to   space 80384K, 0% used [0x00000000dc200000,0x00000000dc200000,0x00000000e1080000)
 ParOldGen       total 289280K, used 180095K [0x0000000081c00000, 0x0000000093680000, 0x00000000d5f00000)
  object space 289280K, 62% used [0x0000000081c00000,0x000000008cbdfd70,0x0000000093680000)
 Metaspace       used 8911K, capacity 8947K, committed 9088K, reserved 1056768K
  class space    used 852K, capacity 880K, committed 896K, reserved 1048576K
GC Heap History (10 events):
Event: 2.607 GC heap before
{Heap before GC invocations=4 (full 1):
 PSYoungGen      total 38400K, used 5102K [0x00000000d5f00000, 0x00000000daa00000, 0x0000000100000000)
  eden space 33280K, 0% used [0x00000000d5f00000,0x00000000d5f00000,0x00000000d7f80000)
  from space 5120K, 99% used [0x00000000d7f80000,0x00000000d847b890,0x00000000d8480000)
  to   space 5120K, 0% used [0x00000000da500000,0x00000000da500000,0x00000000daa00000)
 ParOldGen       total 87552K, used 80122K [0x0000000081c00000, 0x0000000087180000, 0x00000000d5f00000)
  object space 87552K, 91% used [0x0000000081c00000,0x0000000086a3e940,0x0000000087180000)
 Metaspace       used 6713K, capacity 6803K, committed 7168K, reserved 1056768K
  class space    used 639K, capacity 656K, committed 768K, reserved 1048576K
Event: 2.646 GC heap after
Heap after GC invocations=4 (full 1):
 PSYoungGen      total 38400K, used 0K [0x00000000d5f00000, 0x00000000daa00000, 0x0000000100000000)
  eden space 33280K, 0% used [0x00000000d5f00000,0x00000000d5f00000,0x00000000d7f80000)
  from space 5120K, 0% used [0x00000000d7f80000,0x00000000d7f80000,0x00000000d8480000)
  to   space 5120K, 0% used [0x00000000da500000,0x00000000da500000,0x00000000daa00000)
 ParOldGen       total 165376K, used 83945K [0x0000000081c00000, 0x000000008bd80000, 0x00000000d5f00000)
  object space 165376K, 50% used [0x0000000081c00000,0x0000000086dfa448,0x000000008bd80000)
 Metaspace       used 6713K, capacity 6803K, committed 7168K, reserved 1056768K
  class space    used 639K, capacity 656K, committed 768K, reserved 1048576K
}
Event: 2.727 GC heap before
{Heap before GC invocations=5 (full 1):
 PSYoungGen      total 38400K, used 33280K [0x00000000d5f00000, 0x00000000daa00000, 0x0000000100000000)
  eden space 33280K, 100% used [0x00000000d5f00000,0x00000000d7f80000,0x00000000d7f80000)
  from space 5120K, 0% used [0x00000000d7f80000,0x00000000d7f80000,0x00000000d8480000)
  to   space 5120K, 0% used [0x00000000da500000,0x00000000da500000,0x00000000daa00000)
 ParOldGen       total 165376K, used 83945K [0x0000000081c00000, 0x000000008bd80000, 0x00000000d5f00000)
  object space 165376K, 50% used [0x0000000081c00000,0x0000000086dfa448,0x000000008bd80000)
 Metaspace       used 6713K, capacity 6803K, committed 7168K, reserved 1056768K
  class space    used 639K, capacity 656K, committed 768K, reserved 1048576K
Event: 2.741 GC heap after
Heap after GC invocations=5 (full 1):
 PSYoungGen      total 67072K, used 5120K [0x00000000d5f00000, 0x00000000daa00000, 0x0000000100000000)
  eden space 61952K, 0% used [0x00000000d5f00000,0x00000000d5f00000,0x00000000d9b80000)
  from space 5120K, 100% used [0x00000000da500000,0x00000000daa00000,0x00000000daa00000)
  to   space 5120K, 0% used [0x00000000da000000,0x00000000da000000,0x00000000da500000)
 ParOldGen       total 165376K, used 111507K [0x0000000081c00000, 0x000000008bd80000, 0x00000000d5f00000)
  object space 165376K, 67% used [0x0000000081c00000,0x00000000888e4e38,0x000000008bd80000)
 Metaspace       used 6713K, capacity 6803K, committed 7168K, reserved 1056768K
  class space    used 639K, capacity 656K, committed 768K, reserved 1048576K
}
Event: 2.952 GC heap before
{Heap before GC invocations=6 (full 1):
 PSYoungGen      total 67072K, used 67072K [0x00000000d5f00000, 0x00000000daa00000, 0x0000000100000000)
  eden space 61952K, 100% used [0x00000000d5f00000,0x00000000d9b80000,0x00000000d9b80000)
  from space 5120K, 100% used [0x00000000da500000,0x00000000daa00000,0x00000000daa00000)
  to   space 5120K, 0% used [0x00000000da000000,0x00000000da000000,0x00000000da500000)
 ParOldGen       total 165376K, used 111507K [0x0000000081c00000, 0x000000008bd80000, 0x00000000d5f00000)
  object space 165376K, 67% used [0x0000000081c00000,0x00000000888e4e38,0x000000008bd80000)
 Metaspace       used 6713K, capacity 6803K, committed 7168K, reserved 1056768K
  class space    used 639K, capacity 656K, committed 768K, reserved 1048576K
Event: 2.979 GC heap after
Heap after GC invocations=6 (full 1):
 PSYoungGen      total 71680K, used 5120K [0x00000000d5f00000, 0x00000000e5100000, 0x0000000100000000)
  eden space 66560K, 0% used [0x00000000d5f00000,0x00000000d5f00000,0x00000000da000000)
  from space 5120K, 100% used [0x00000000da000000,0x00000000da500000,0x00000000da500000)
  to   space 66048K, 0% used [0x00000000e1080000,0x00000000e1080000,0x00000000e5100000)
 ParOldGen       total 174080K, used 173236K [0x0000000081c00000, 0x000000008c600000, 0x00000000d5f00000)
  object space 174080K, 99% used [0x0000000081c00000,0x000000008c52d1e8,0x000000008c600000)
 Metaspace       used 6713K, capacity 6803K, committed 7168K, reserved 1056768K
  class space    used 639K, capacity 656K, committed 768K, reserved 1048576K
}
Event: 2.979 GC heap before
{Heap before GC invocations=7 (full 2):
 PSYoungGen      total 71680K, used 5120K [0x00000000d5f00000, 0x00000000e5100000, 0x0000000100000000)
  eden space 66560K, 0% used [0x00000000d5f00000,0x00000000d5f00000,0x00000000da000000)
  from space 5120K, 100% used [0x00000000da000000,0x00000000da500000,0x00000000da500000)
  to   space 66048K, 0% used [0x00000000e1080000,0x00000000e1080000,0x00000000e5100000)
 ParOldGen       total 174080K, used 173236K [0x0000000081c00000, 0x000000008c600000, 0x00000000d5f00000)
  object space 174080K, 99% used [0x0000000081c00000,0x000000008c52d1e8,0x000000008c600000)
 Metaspace       used 6713K, capacity 6803K, committed 7168K, reserved 1056768K
  class space    used 639K, capacity 656K, committed 768K, reserved 1048576K
Event: 3.026 GC heap after
Heap after GC invocations=7 (full 2):
 PSYoungGen      total 71680K, used 4511K [0x00000000d5f00000, 0x00000000e5100000, 0x0000000100000000)
  eden space 66560K, 0% used [0x00000000d5f00000,0x00000000d5f00000,0x00000000da000000)
  from space 5120K, 88% used [0x00000000da000000,0x00000000da467d00,0x00000000da500000)
  to   space 66048K, 0% used [0x00000000e1080000,0x00000000e1080000,0x00000000e5100000)
 ParOldGen       total 289280K, used 173735K [0x0000000081c00000, 0x0000000093680000, 0x00000000d5f00000)
  object space 289280K, 60% used [0x0000000081c00000,0x000000008c5a9f00,0x0000000093680000)
 Metaspace       used 6713K, capacity 6803K, committed 7168K, reserved 1056768K
  class space    used 639K, capacity 656K, committed 768K, reserved 1048576K
}
Event: 3.303 GC heap before
{Heap before GC invocations=8 (full 2):
 PSYoungGen      total 71680K, used 71071K [0x00000000d5f00000, 0x00000000e5100000, 0x0000000100000000)
  eden space 66560K, 100% used [0x00000000d5f00000,0x00000000da000000,0x00000000da000000)
  from space 5120K, 88% used [0x00000000da000000,0x00000000da467d00,0x00000000da500000)
  to   space 66048K, 0% used [0x00000000e1080000,0x00000000e1080000,0x00000000e5100000)
 ParOldGen       total 289280K, used 173735K [0x0000000081c00000, 0x0000000093680000, 0x00000000d5f00000)
  object space 289280K, 60% used [0x0000000081c00000,0x000000008c5a9f00,0x0000000093680000)
 Metaspace       used 6714K, capacity 6803K, committed 7168K, reserved 1056768K
  class space    used 639K, capacity 656K, committed 768K, reserved 1048576K
Event: 3.341 GC heap after
Heap after GC invocations=8 (full 2):
 PSYoungGen      total 167424K, used 66048K [0x00000000d5f00000, 0x00000000e6300000, 0x0000000100000000)
  eden space 101376K, 0% used [0x00000000d5f00000,0x00000000d5f00000,0x00000000dc200000)
  from space 66048K, 100% used [0x00000000e1080000,0x00000000e5100000,0x00000000e5100000)
  to   space 80384K, 0% used [0x00000000dc200000,0x00000000dc200000,0x00000000e1080000)
 ParOldGen       total 289280K, used 180095K [0x0000000081c00000, 0x0000000093680000, 0x00000000d5f00000)
  object space 289280K, 62% used [0x0000000081c00000,0x000000008cbdfd70,0x0000000093680000)
 Metaspace       used 6714K, capacity 6803K, committed 7168K, reserved 1056768K
  class space    used 639K, capacity 656K, committed 768K, reserved 1048576K
}

