# JRE version: Java(TM) SE Runtime Environment (8.0_171-b11) (build 1.8.0_171-b11)
# Java VM: Java HotSpot(TM) 64-Bit Server VM (25.171-b11 mixed mode windows-amd64 compressed oops)
Heap:
 PSYoungGen      total 168960K, used 99812K [0x00000000d5f00000, 0x00000000e7080000, 0x0000000100000000)
  eden space 102400K, 32% used [0x00000000d5f00000,0x00000000d7f79298,0x00000000dc300000)
  from space 66560K, 100% used [0x00000000e1180000,0x00000000e5280000,0x00000000e5280000)
  to   space 80384K, 0% used [0x00000000dc300000,0x00000000dc300000,0x00000000e1180000)
 ParOldGen       total 285696K, used 180396K [0x0000000081c00000, 0x0000000093300000, 0x00000000d5f00000)
  object space 285696K, 63% used [0x0000000081c00000,0x000000008cc2b108,0x0000000093300000)
 Metaspace       used 8995K, capacity 9075K, committed 9344K, reserved 1058816K
  class space    used 852K, capacity 880K, committed 896K, reserved 1048576K
GC Heap History (10 events):
Event: 2.137 GC heap before
{Heap before GC invocations=4 (full 1):
 PSYoungGen      total 38400K, used 5118K [0x00000000d5f00000, 0x00000000daa00000, 0x0000000100000000)
  eden space 33280K, 0% used [0x00000000d5f00000,0x00000000d5f00000,0x00000000d7f80000)
  from space 5120K, 99% used [0x00000000d7f80000,0x00000000d847f8c0,0x00000000d8480000)
  to   space 5120K, 0% used [0x00000000da500000,0x00000000da500000,0x00000000daa00000)
 ParOldGen       total 87552K, used 80113K [0x0000000081c00000, 0x0000000087180000, 0x00000000d5f00000)
  object space 87552K, 91% used [0x0000000081c00000,0x0000000086a3c4c0,0x0000000087180000)
 Metaspace       used 6692K, capacity 6727K, committed 6912K, reserved 1056768K
  class space    used 639K, capacity 656K, committed 768K, reserved 1048576K
Event: 2.161 GC heap after
Heap after GC invocations=4 (full 1):
 PSYoungGen      total 38400K, used 0K [0x00000000d5f00000, 0x00000000daa00000, 0x0000000100000000)
  eden space 33280K, 0% used [0x00000000d5f00000,0x00000000d5f00000,0x00000000d7f80000)
  from space 5120K, 0% used [0x00000000d7f80000,0x00000000d7f80000,0x00000000d8480000)
  to   space 5120K, 0% used [0x00000000da500000,0x00000000da500000,0x00000000daa00000)
 ParOldGen       total 166912K, used 83943K [0x0000000081c00000, 0x000000008bf00000, 0x00000000d5f00000)
  object space 166912K, 50% used [0x0000000081c00000,0x0000000086df9d28,0x000000008bf00000)
 Metaspace       used 6692K, capacity 6727K, committed 6912K, reserved 1056768K
  class space    used 639K, capacity 656K, committed 768K, reserved 1048576K
}
Event: 2.224 GC heap before
{Heap before GC invocations=5 (full 1):
 PSYoungGen      total 38400K, used 33280K [0x00000000d5f00000, 0x00000000daa00000, 0x0000000100000000)
  eden space 33280K, 100% used [0x00000000d5f00000,0x00000000d7f80000,0x00000000d7f80000)
  from space 5120K, 0% used [0x00000000d7f80000,0x00000000d7f80000,0x00000000d8480000)
  to   space 5120K, 0% used [0x00000000da500000,0x00000000da500000,0x00000000daa00000)
 ParOldGen       total 166912K, used 83943K [0x0000000081c00000, 0x000000008bf00000, 0x00000000d5f00000)
  object space 166912K, 50% used [0x0000000081c00000,0x0000000086df9d28,0x000000008bf00000)
 Metaspace       used 6692K, capacity 6727K, committed 6912K, reserved 1056768K
  class space    used 639K, capacity 656K, committed 768K, reserved 1048576K
Event: 2.238 GC heap after
Heap after GC invocations=5 (full 1):
 PSYoungGen      total 67072K, used 5120K [0x00000000d5f00000, 0x00000000daa00000, 0x0000000100000000)
  eden space 61952K, 0% used [0x00000000d5f00000,0x00000000d5f00000,0x00000000d9b80000)
  from space 5120K, 100% used [0x00000000da500000,0x00000000daa00000,0x00000000daa00000)
  to   space 5120K, 0% used [0x00000000da000000,0x00000000da000000,0x00000000da500000)
 ParOldGen       total 166912K, used 112169K [0x0000000081c00000, 0x000000008bf00000, 0x00000000d5f00000)
  object space 166912K, 67% used [0x0000000081c00000,0x000000008898a7b8,0x000000008bf00000)
 Metaspace       used 6692K, capacity 6727K, committed 6912K, reserved 1056768K
  class space    used 639K, capacity 656K, committed 768K, reserved 1048576K
}
Event: 2.440 GC heap before
{Heap before GC invocations=6 (full 1):
 PSYoungGen      total 67072K, used 67072K [0x00000000d5f00000, 0x00000000daa00000, 0x0000000100000000)
  eden space 61952K, 100% used [0x00000000d5f00000,0x00000000d9b80000,0x00000000d9b80000)
  from space 5120K, 100% used [0x00000000da500000,0x00000000daa00000,0x00000000daa00000)
  to   space 5120K, 0% used [0x00000000da000000,0x00000000da000000,0x00000000da500000)
 ParOldGen       total 166912K, used 112169K [0x0000000081c00000, 0x000000008bf00000, 0x00000000d5f00000)
  object space 166912K, 67% used [0x0000000081c00000,0x000000008898a7b8,0x000000008bf00000)
 Metaspace       used 6692K, capacity 6727K, committed 6912K, reserved 1056768K
  class space    used 639K, capacity 656K, committed 768K, reserved 1048576K
Event: 2.466 GC heap after
Heap after GC invocations=6 (full 1):
 PSYoungGen      total 71680K, used 5120K [0x00000000d5f00000, 0x00000000e5280000, 0x0000000100000000)
  eden space 66560K, 0% used [0x00000000d5f00000,0x00000000d5f00000,0x00000000da000000)
  from space 5120K, 100% used [0x00000000da000000,0x00000000da500000,0x00000000da500000)
  to   space 66560K, 0% used [0x00000000e1180000,0x00000000e1180000,0x00000000e5280000)
 ParOldGen       total 175104K, used 174105K [0x0000000081c00000, 0x000000008c700000, 0x00000000d5f00000)
  object space 175104K, 99% used [0x0000000081c00000,0x000000008c606668,0x000000008c700000)
 Metaspace       used 6692K, capacity 6727K, committed 6912K, reserved 1056768K
  class space    used 639K, capacity 656K, committed 768K, reserved 1048576K
}
Event: 2.466 GC heap before
{Heap before GC invocations=7 (full 2):
 PSYoungGen      total 71680K, used 5120K [0x00000000d5f00000, 0x00000000e5280000, 0x0000000100000000)
  eden space 66560K, 0% used [0x00000000d5f00000,0x00000000d5f00000,0x00000000da000000)
  from space 5120K, 100% used [0x00000000da000000,0x00000000da500000,0x00000000da500000)
  to   space 66560K, 0% used [0x00000000e1180000,0x00000000e1180000,0x00000000e5280000)
 ParOldGen       total 175104K, used 174105K [0x0000000081c00000, 0x000000008c700000, 0x00000000d5f00000)
  object space 175104K, 99% used [0x0000000081c00000,0x000000008c606668,0x000000008c700000)
 Metaspace       used 6692K, capacity 6727K, committed 6912K, reserved 1056768K
  class space    used 639K, capacity 656K, committed 768K, reserved 1048576K
Event: 2.478 GC heap after
Heap after GC invocations=7 (full 2):
 PSYoungGen      total 71680K, used 4010K [0x00000000d5f00000, 0x00000000e5280000, 0x0000000100000000)
  eden space 66560K, 0% used [0x00000000d5f00000,0x00000000d5f00000,0x00000000da000000)
  from space 5120K, 78% used [0x00000000da000000,0x00000000da3ea800,0x00000000da500000)
  to   space 66560K, 0% used [0x00000000e1180000,0x00000000e1180000,0x00000000e5280000)
 ParOldGen       total 285696K, used 175101K [0x0000000081c00000, 0x0000000093300000, 0x00000000d5f00000)
  object space 285696K, 61% used [0x0000000081c00000,0x000000008c6ff738,0x0000000093300000)
 Metaspace       used 6692K, capacity 6727K, committed 6912K, reserved 1056768K
  class space    used 639K, capacity 656K, committed 768K, reserved 1048576K
}
Event: 2.728 GC heap before
{Heap before GC invocations=8 (full 2):
 PSYoungGen      total 71680K, used 70570K [0x00000000d5f00000, 0x00000000e5280000, 0x0000000100000000)
  eden space 66560K, 100% used [0x00000000d5f00000,0x00000000da000000,0x00000000da000000)
  from space 5120K, 78% used [0x00000000da000000,0x00000000da3ea800,0x00000000da500000)
  to   space 66560K, 0% used [0x00000000e1180000,0x00000000e1180000,0x00000000e5280000)
 ParOldGen       total 285696K, used 175101K [0x0000000081c00000, 0x0000000093300000, 0x00000000d5f00000)
  object space 285696K, 61% used [0x0000000081c00000,0x000000008c6ff738,0x0000000093300000)
 Metaspace       used 6692K, capacity 6727K, committed 6912K, reserved 1056768K
  class space    used 639K, capacity 656K, committed 768K, reserved 1048576K
Event: 2.758 GC heap after
Heap after GC invocations=8 (full 2):
 PSYoungGen      total 168960K, used 66560K [0x00000000d5f00000, 0x00000000e7080000, 0x0000000100000000)
  eden space 102400K, 0% used [0x00000000d5f00000,0x00000000d5f00000,0x00000000dc300000)
  from space 66560K, 100% used [0x00000000e1180000,0x00000000e5280000,0x00000000e5280000)
  to   space 80384K, 0% used [0x00000000dc300000,0x00000000dc300000,0x00000000e1180000)
 ParOldGen       total 285696K, used 180396K [0x0000000081c00000, 0x0000000093300000, 0x00000000d5f00000)
  object space 285696K, 63% used [0x0000000081c00000,0x000000008cc2b108,0x0000000093300000)
 Metaspace       used 6692K, capacity 6727K, committed 6912K, reserved 1056768K
  class space    used 639K, capacity 656K, committed 768K, reserved 1048576K
}

