# JRE version: Java(TM) SE Runtime Environment (8.0_171-b11) (build 1.8.0_171-b11)
# Java VM: Java HotSpot(TM) 64-Bit Server VM (25.171-b11 mixed mode windows-amd64 compressed oops)
Heap:
 PSYoungGen      total 156672K, used 98042K [0x00000000d5f00000, 0x00000000e5f00000, 0x0000000100000000)
  eden space 92160K, 36% used [0x00000000d5f00000,0x00000000d7fbeb08,0x00000000db900000)
  from space 64512K, 100% used [0x00000000e0700000,0x00000000e4600000,0x00000000e4600000)
  to   space 79872K, 0% used [0x00000000db900000,0x00000000db900000,0x00000000e0700000)
 ParOldGen       total 293376K, used 179801K [0x0000000081c00000, 0x0000000093a80000, 0x00000000d5f00000)
  object space 293376K, 61% used [0x0000000081c00000,0x000000008cb96518,0x0000000093a80000)
 Metaspace       used 8936K, capacity 9075K, committed 9344K, reserved 1058816K
  class space    used 851K, capacity 880K, committed 896K, reserved 1048576K
GC Heap History (10 events):
Event: 2.400 GC heap before
{Heap before GC invocations=4 (full 1):
 PSYoungGen      total 38400K, used 5102K [0x00000000d5f00000, 0x00000000daa00000, 0x0000000100000000)
  eden space 33280K, 0% used [0x00000000d5f00000,0x00000000d5f00000,0x00000000d7f80000)
  from space 5120K, 99% used [0x00000000d7f80000,0x00000000d847b8b0,0x00000000d8480000)
  to   space 5120K, 0% used [0x00000000da500000,0x00000000da500000,0x00000000daa00000)
 ParOldGen       total 87552K, used 80119K [0x0000000081c00000, 0x0000000087180000, 0x00000000d5f00000)
  object space 87552K, 91% used [0x0000000081c00000,0x0000000086a3dc18,0x0000000087180000)
 Metaspace       used 6714K, capacity 6803K, committed 7168K, reserved 1056768K
  class space    used 639K, capacity 656K, committed 768K, reserved 1048576K
Event: 2.443 GC heap after
Heap after GC invocations=4 (full 1):
 PSYoungGen      total 38400K, used 0K [0x00000000d5f00000, 0x00000000daa00000, 0x0000000100000000)
  eden space 33280K, 0% used [0x00000000d5f00000,0x00000000d5f00000,0x00000000d7f80000)
  from space 5120K, 0% used [0x00000000d7f80000,0x00000000d7f80000,0x00000000d8480000)
  to   space 5120K, 0% used [0x00000000da500000,0x00000000da500000,0x00000000daa00000)
 ParOldGen       total 169472K, used 83940K [0x0000000081c00000, 0x000000008c180000, 0x00000000d5f00000)
  object space 169472K, 49% used [0x0000000081c00000,0x0000000086df9260,0x000000008c180000)
 Metaspace       used 6714K, capacity 6803K, committed 7168K, reserved 1056768K
  class space    used 639K, capacity 656K, committed 768K, reserved 1048576K
}
Event: 2.521 GC heap before
{Heap before GC invocations=5 (full 1):
 PSYoungGen      total 38400K, used 33280K [0x00000000d5f00000, 0x00000000daa00000, 0x0000000100000000)
  eden space 33280K, 100% used [0x00000000d5f00000,0x00000000d7f80000,0x00000000d7f80000)
  from space 5120K, 0% used [0x00000000d7f80000,0x00000000d7f80000,0x00000000d8480000)
  to   space 5120K, 0% used [0x00000000da500000,0x00000000da500000,0x00000000daa00000)
 ParOldGen       total 169472K, used 83940K [0x0000000081c00000, 0x000000008c180000, 0x00000000d5f00000)
  object space 169472K, 49% used [0x0000000081c00000,0x0000000086df9260,0x000000008c180000)
 Metaspace       used 6714K, capacity 6803K, committed 7168K, reserved 1056768K
  class space    used 639K, capacity 656K, committed 768K, reserved 1048576K
Event: 2.535 GC heap after
Heap after GC invocations=5 (full 1):
 PSYoungGen      total 64512K, used 5120K [0x00000000d5f00000, 0x00000000daa00000, 0x0000000100000000)
  eden space 59392K, 0% used [0x00000000d5f00000,0x00000000d5f00000,0x00000000d9900000)
  from space 5120K, 100% used [0x00000000da500000,0x00000000daa00000,0x00000000daa00000)
  to   space 5120K, 0% used [0x00000000da000000,0x00000000da000000,0x00000000da500000)
 ParOldGen       total 169472K, used 112167K [0x0000000081c00000, 0x000000008c180000, 0x00000000d5f00000)
  object space 169472K, 66% used [0x0000000081c00000,0x0000000088989cf0,0x000000008c180000)
 Metaspace       used 6714K, capacity 6803K, committed 7168K, reserved 1056768K
  class space    used 639K, capacity 656K, committed 768K, reserved 1048576K
}
Event: 2.769 GC heap before
{Heap before GC invocations=6 (full 1):
 PSYoungGen      total 64512K, used 64512K [0x00000000d5f00000, 0x00000000daa00000, 0x0000000100000000)
  eden space 59392K, 100% used [0x00000000d5f00000,0x00000000d9900000,0x00000000d9900000)
  from space 5120K, 100% used [0x00000000da500000,0x00000000daa00000,0x00000000daa00000)
  to   space 5120K, 0% used [0x00000000da000000,0x00000000da000000,0x00000000da500000)
 ParOldGen       total 169472K, used 112167K [0x0000000081c00000, 0x000000008c180000, 0x00000000d5f00000)
  object space 169472K, 66% used [0x0000000081c00000,0x0000000088989cf0,0x000000008c180000)
 Metaspace       used 6714K, capacity 6803K, committed 7168K, reserved 1056768K
  class space    used 639K, capacity 656K, committed 768K, reserved 1048576K
Event: 2.796 GC heap after
Heap after GC invocations=6 (full 1):
 PSYoungGen      total 71680K, used 5120K [0x00000000d5f00000, 0x00000000e4600000, 0x0000000100000000)
  eden space 66560K, 0% used [0x00000000d5f00000,0x00000000d5f00000,0x00000000da000000)
  from space 5120K, 100% used [0x00000000da000000,0x00000000da500000,0x00000000da500000)
  to   space 64512K, 0% used [0x00000000e0700000,0x00000000e0700000,0x00000000e4600000)
 ParOldGen       total 171520K, used 171477K [0x0000000081c00000, 0x000000008c380000, 0x00000000d5f00000)
  object space 171520K, 99% used [0x0000000081c00000,0x000000008c375680,0x000000008c380000)
 Metaspace       used 6714K, capacity 6803K, committed 7168K, reserved 1056768K
  class space    used 639K, capacity 656K, committed 768K, reserved 1048576K
}
Event: 2.796 GC heap before
{Heap before GC invocations=7 (full 2):
 PSYoungGen      total 71680K, used 5120K [0x00000000d5f00000, 0x00000000e4600000, 0x0000000100000000)
  eden space 66560K, 0% used [0x00000000d5f00000,0x00000000d5f00000,0x00000000da000000)
  from space 5120K, 100% used [0x00000000da000000,0x00000000da500000,0x00000000da500000)
  to   space 64512K, 0% used [0x00000000e0700000,0x00000000e0700000,0x00000000e4600000)
 ParOldGen       total 171520K, used 171477K [0x0000000081c00000, 0x000000008c380000, 0x00000000d5f00000)
  object space 171520K, 99% used [0x0000000081c00000,0x000000008c375680,0x000000008c380000)
 Metaspace       used 6714K, capacity 6803K, committed 7168K, reserved 1056768K
  class space    used 639K, capacity 656K, committed 768K, reserved 1048576K
Event: 2.839 GC heap after
Heap after GC invocations=7 (full 2):
 PSYoungGen      total 71680K, used 5012K [0x00000000d5f00000, 0x00000000e4600000, 0x0000000100000000)
  eden space 66560K, 0% used [0x00000000d5f00000,0x00000000d5f00000,0x00000000da000000)
  from space 5120K, 97% used [0x00000000da000000,0x00000000da4e51d0,0x00000000da500000)
  to   space 64512K, 0% used [0x00000000e0700000,0x00000000e0700000,0x00000000e4600000)
 ParOldGen       total 293376K, used 171474K [0x0000000081c00000, 0x0000000093a80000, 0x00000000d5f00000)
  object space 293376K, 58% used [0x0000000081c00000,0x000000008c374908,0x0000000093a80000)
 Metaspace       used 6714K, capacity 6803K, committed 7168K, reserved 1056768K
  class space    used 639K, capacity 656K, committed 768K, reserved 1048576K
}
Event: 3.150 GC heap before
{Heap before GC invocations=8 (full 2):
 PSYoungGen      total 71680K, used 71572K [0x00000000d5f00000, 0x00000000e4600000, 0x0000000100000000)
  eden space 66560K, 100% used [0x00000000d5f00000,0x00000000da000000,0x00000000da000000)
  from space 5120K, 97% used [0x00000000da000000,0x00000000da4e51d0,0x00000000da500000)
  to   space 64512K, 0% used [0x00000000e0700000,0x00000000e0700000,0x00000000e4600000)
 ParOldGen       total 293376K, used 171474K [0x0000000081c00000, 0x0000000093a80000, 0x00000000d5f00000)
  object space 293376K, 58% used [0x0000000081c00000,0x000000008c374908,0x0000000093a80000)
 Metaspace       used 6714K, capacity 6803K, committed 7168K, reserved 1056768K
  class space    used 639K, capacity 656K, committed 768K, reserved 1048576K
Event: 3.180 GC heap after
Heap after GC invocations=8 (full 2):
 PSYoungGen      total 156672K, used 64512K [0x00000000d5f00000, 0x00000000e5f00000, 0x0000000100000000)
  eden space 92160K, 0% used [0x00000000d5f00000,0x00000000d5f00000,0x00000000db900000)
  from space 64512K, 100% used [0x00000000e0700000,0x00000000e4600000,0x00000000e4600000)
  to   space 79872K, 0% used [0x00000000db900000,0x00000000db900000,0x00000000e0700000)
 ParOldGen       total 293376K, used 179801K [0x0000000081c00000, 0x0000000093a80000, 0x00000000d5f00000)
  object space 293376K, 61% used [0x0000000081c00000,0x000000008cb96518,0x0000000093a80000)
 Metaspace       used 6714K, capacity 6803K, committed 7168K, reserved 1056768K
  class space    used 639K, capacity 656K, committed 768K, reserved 1048576K
}

