# JRE version: Java(TM) SE Runtime Environment (8.0_171-b11) (build 1.8.0_171-b11)
# Java VM: Java HotSpot(TM) 64-Bit Server VM (25.171-b11 mixed mode windows-amd64 compressed oops)
Heap:
 PSYoungGen      total 138240K, used 102568K [0x00000000d5f00000, 0x00000000e4f80000, 0x0000000100000000)
  eden space 77312K, 53% used [0x00000000d5f00000,0x00000000d87aa1c0,0x00000000daa80000)
  from space 60928K, 100% used [0x00000000df300000,0x00000000e2e80000,0x00000000e2e80000)
  to   space 74240K, 0% used [0x00000000daa80000,0x00000000daa80000,0x00000000df300000)
 ParOldGen       total 300544K, used 177576K [0x0000000081c00000, 0x0000000094180000, 0x00000000d5f00000)
  object space 300544K, 59% used [0x0000000081c00000,0x000000008c96a258,0x0000000094180000)
 Metaspace       used 8913K, capacity 9011K, committed 9088K, reserved 1056768K
  class space    used 851K, capacity 880K, committed 896K, reserved 1048576K
GC Heap History (10 events):
Event: 2.142 GC heap before
{Heap before GC invocations=4 (full 1):
 PSYoungGen      total 38400K, used 5118K [0x00000000d5f00000, 0x00000000daa00000, 0x0000000100000000)
  eden space 33280K, 0% used [0x00000000d5f00000,0x00000000d5f00000,0x00000000d7f80000)
  from space 5120K, 99% used [0x00000000d7f80000,0x00000000d847f8a0,0x00000000d8480000)
  to   space 5120K, 0% used [0x00000000da500000,0x00000000da500000,0x00000000daa00000)
 ParOldGen       total 87552K, used 80143K [0x0000000081c00000, 0x0000000087180000, 0x00000000d5f00000)
  object space 87552K, 91% used [0x0000000081c00000,0x0000000086a43d48,0x0000000087180000)
 Metaspace       used 6711K, capacity 6803K, committed 7168K, reserved 1056768K
  class space    used 639K, capacity 656K, committed 768K, reserved 1048576K
Event: 2.208 GC heap after
Heap after GC invocations=4 (full 1):
 PSYoungGen      total 38400K, used 0K [0x00000000d5f00000, 0x00000000daa00000, 0x0000000100000000)
  eden space 33280K, 0% used [0x00000000d5f00000,0x00000000d5f00000,0x00000000d7f80000)
  from space 5120K, 0% used [0x00000000d7f80000,0x00000000d7f80000,0x00000000d8480000)
  to   space 5120K, 0% used [0x00000000da500000,0x00000000da500000,0x00000000daa00000)
 ParOldGen       total 174080K, used 83944K [0x0000000081c00000, 0x000000008c600000, 0x00000000d5f00000)
  object space 174080K, 48% used [0x0000000081c00000,0x0000000086dfa348,0x000000008c600000)
 Metaspace       used 6711K, capacity 6803K, committed 7168K, reserved 1056768K
  class space    used 639K, capacity 656K, committed 768K, reserved 1048576K
}
Event: 2.288 GC heap before
{Heap before GC invocations=5 (full 1):
 PSYoungGen      total 38400K, used 33280K [0x00000000d5f00000, 0x00000000daa00000, 0x0000000100000000)
  eden space 33280K, 100% used [0x00000000d5f00000,0x00000000d7f80000,0x00000000d7f80000)
  from space 5120K, 0% used [0x00000000d7f80000,0x00000000d7f80000,0x00000000d8480000)
  to   space 5120K, 0% used [0x00000000da500000,0x00000000da500000,0x00000000daa00000)
 ParOldGen       total 174080K, used 83944K [0x0000000081c00000, 0x000000008c600000, 0x00000000d5f00000)
  object space 174080K, 48% used [0x0000000081c00000,0x0000000086dfa348,0x000000008c600000)
 Metaspace       used 6711K, capacity 6803K, committed 7168K, reserved 1056768K
  class space    used 639K, capacity 656K, committed 768K, reserved 1048576K
Event: 2.302 GC heap after
Heap after GC invocations=5 (full 1):
 PSYoungGen      total 59904K, used 5120K [0x00000000d5f00000, 0x00000000daa00000, 0x0000000100000000)
  eden space 54784K, 0% used [0x00000000d5f00000,0x00000000d5f00000,0x00000000d9480000)
  from space 5120K, 100% used [0x00000000da500000,0x00000000daa00000,0x00000000daa00000)
  to   space 5120K, 0% used [0x00000000da000000,0x00000000da000000,0x00000000da500000)
 ParOldGen       total 174080K, used 111507K [0x0000000081c00000, 0x000000008c600000, 0x00000000d5f00000)
  object space 174080K, 64% used [0x0000000081c00000,0x00000000888e4d38,0x000000008c600000)
 Metaspace       used 6711K, capacity 6803K, committed 7168K, reserved 1056768K
  class space    used 639K, capacity 656K, committed 768K, reserved 1048576K
}
Event: 2.683 GC heap before
{Heap before GC invocations=6 (full 1):
 PSYoungGen      total 59904K, used 59904K [0x00000000d5f00000, 0x00000000daa00000, 0x0000000100000000)
  eden space 54784K, 100% used [0x00000000d5f00000,0x00000000d9480000,0x00000000d9480000)
  from space 5120K, 100% used [0x00000000da500000,0x00000000daa00000,0x00000000daa00000)
  to   space 5120K, 0% used [0x00000000da000000,0x00000000da000000,0x00000000da500000)
 ParOldGen       total 174080K, used 111507K [0x0000000081c00000, 0x000000008c600000, 0x00000000d5f00000)
  object space 174080K, 64% used [0x0000000081c00000,0x00000000888e4d38,0x000000008c600000)
 Metaspace       used 6711K, capacity 6803K, committed 7168K, reserved 1056768K
  class space    used 639K, capacity 656K, committed 768K, reserved 1048576K
Event: 2.707 GC heap after
Heap after GC invocations=6 (full 1):
 PSYoungGen      total 71680K, used 5120K [0x00000000d5f00000, 0x00000000e2e80000, 0x0000000100000000)
  eden space 66560K, 0% used [0x00000000d5f00000,0x00000000d5f00000,0x00000000da000000)
  from space 5120K, 100% used [0x00000000da000000,0x00000000da500000,0x00000000da500000)
  to   space 60928K, 0% used [0x00000000df300000,0x00000000df300000,0x00000000e2e80000)
 ParOldGen       total 174080K, used 165974K [0x0000000081c00000, 0x000000008c600000, 0x00000000d5f00000)
  object space 174080K, 95% used [0x0000000081c00000,0x000000008be15978,0x000000008c600000)
 Metaspace       used 6711K, capacity 6803K, committed 7168K, reserved 1056768K
  class space    used 639K, capacity 656K, committed 768K, reserved 1048576K
}
Event: 2.707 GC heap before
{Heap before GC invocations=7 (full 2):
 PSYoungGen      total 71680K, used 5120K [0x00000000d5f00000, 0x00000000e2e80000, 0x0000000100000000)
  eden space 66560K, 0% used [0x00000000d5f00000,0x00000000d5f00000,0x00000000da000000)
  from space 5120K, 100% used [0x00000000da000000,0x00000000da500000,0x00000000da500000)
  to   space 60928K, 0% used [0x00000000df300000,0x00000000df300000,0x00000000e2e80000)
 ParOldGen       total 174080K, used 165974K [0x0000000081c00000, 0x000000008c600000, 0x00000000d5f00000)
  object space 174080K, 95% used [0x0000000081c00000,0x000000008be15978,0x000000008c600000)
 Metaspace       used 6711K, capacity 6803K, committed 7168K, reserved 1056768K
  class space    used 639K, capacity 656K, committed 768K, reserved 1048576K
Event: 2.771 GC heap after
Heap after GC invocations=7 (full 2):
 PSYoungGen      total 71680K, used 0K [0x00000000d5f00000, 0x00000000e2e80000, 0x0000000100000000)
  eden space 66560K, 0% used [0x00000000d5f00000,0x00000000d5f00000,0x00000000da000000)
  from space 5120K, 0% used [0x00000000da000000,0x00000000da000000,0x00000000da500000)
  to   space 60928K, 0% used [0x00000000df300000,0x00000000df300000,0x00000000e2e80000)
 ParOldGen       total 300544K, used 170985K [0x0000000081c00000, 0x0000000094180000, 0x00000000d5f00000)
  object space 300544K, 56% used [0x0000000081c00000,0x000000008c2fa498,0x0000000094180000)
 Metaspace       used 6711K, capacity 6803K, committed 7168K, reserved 1056768K
  class space    used 639K, capacity 656K, committed 768K, reserved 1048576K
}
Event: 3.005 GC heap before
{Heap before GC invocations=8 (full 2):
 PSYoungGen      total 71680K, used 66560K [0x00000000d5f00000, 0x00000000e2e80000, 0x0000000100000000)
  eden space 66560K, 100% used [0x00000000d5f00000,0x00000000da000000,0x00000000da000000)
  from space 5120K, 0% used [0x00000000da000000,0x00000000da000000,0x00000000da500000)
  to   space 60928K, 0% used [0x00000000df300000,0x00000000df300000,0x00000000e2e80000)
 ParOldGen       total 300544K, used 170985K [0x0000000081c00000, 0x0000000094180000, 0x00000000d5f00000)
  object space 300544K, 56% used [0x0000000081c00000,0x000000008c2fa498,0x0000000094180000)
 Metaspace       used 6711K, capacity 6803K, committed 7168K, reserved 1056768K
  class space    used 639K, capacity 656K, committed 768K, reserved 1048576K
Event: 3.032 GC heap after
Heap after GC invocations=8 (full 2):
 PSYoungGen      total 138240K, used 60928K [0x00000000d5f00000, 0x00000000e4f80000, 0x0000000100000000)
  eden space 77312K, 0% used [0x00000000d5f00000,0x00000000d5f00000,0x00000000daa80000)
  from space 60928K, 100% used [0x00000000df300000,0x00000000e2e80000,0x00000000e2e80000)
  to   space 74240K, 0% used [0x00000000daa80000,0x00000000daa80000,0x00000000df300000)
 ParOldGen       total 300544K, used 177576K [0x0000000081c00000, 0x0000000094180000, 0x00000000d5f00000)
  object space 300544K, 59% used [0x0000000081c00000,0x000000008c96a258,0x0000000094180000)
 Metaspace       used 6711K, capacity 6803K, committed 7168K, reserved 1056768K
  class space    used 639K, capacity 656K, committed 768K, reserved 1048576K
}

