# JRE version: Java(TM) SE Runtime Environment (8.0_171-b11) (build 1.8.0_171-b11)
# Java VM: Java HotSpot(TM) 64-Bit Server VM (25.171-b11 mixed mode windows-amd64 compressed oops)
Heap:
 PSYoungGen      total 161280K, used 100374K [0x00000000d5f00000, 0x00000000e6480000, 0x0000000100000000)
  eden space 95744K, 36% used [0x00000000d5f00000,0x00000000d8105b38,0x00000000dbc80000)
  from space 65536K, 100% used [0x00000000e0b00000,0x00000000e4b00000,0x00000000e4b00000)
  to   space 80384K, 0% used [0x00000000dbc80000,0x00000000dbc80000,0x00000000e0b00000)
 ParOldGen       total 292864K, used 179794K [0x0000000081c00000, 0x0000000093a00000, 0x00000000d5f00000)
  object space 292864K, 61% used [0x0000000081c00000,0x000000008cb94a60,0x0000000093a00000)
 Metaspace       used 8915K, capacity 9011K, committed 9088K, reserved 1056768K
  class space    used 852K, capacity 880K, committed 896K, reserved 1048576K
GC Heap History (10 events):
Event: 3.894 GC heap before
{Heap before GC invocations=4 (full 1):
 PSYoungGen      total 38400K, used 5102K [0x00000000d5f00000, 0x00000000daa00000, 0x0000000100000000)
  eden space 33280K, 0% used [0x00000000d5f00000,0x00000000d5f00000,0x00000000d7f80000)
  from space 5120K, 99% used [0x00000000d7f80000,0x00000000d847b890,0x00000000d8480000)
  to   space 5120K, 0% used [0x00000000da500000,0x00000000da500000,0x00000000daa00000)
 ParOldGen       total 87552K, used 80127K [0x0000000081c00000, 0x0000000087180000, 0x00000000d5f00000)
  object space 87552K, 91% used [0x0000000081c00000,0x0000000086a3fee8,0x0000000087180000)
 Metaspace       used 6699K, capacity 6735K, committed 6912K, reserved 1056768K
  class space    used 639K, capacity 656K, committed 768K, reserved 1048576K
Event: 3.941 GC heap after
Heap after GC invocations=4 (full 1):
 PSYoungGen      total 38400K, used 0K [0x00000000d5f00000, 0x00000000daa00000, 0x0000000100000000)
  eden space 33280K, 0% used [0x00000000d5f00000,0x00000000d5f00000,0x00000000d7f80000)
  from space 5120K, 0% used [0x00000000d7f80000,0x00000000d7f80000,0x00000000d8480000)
  to   space 5120K, 0% used [0x00000000da500000,0x00000000da500000,0x00000000daa00000)
 ParOldGen       total 168448K, used 83948K [0x0000000081c00000, 0x000000008c080000, 0x00000000d5f00000)
  object space 168448K, 49% used [0x0000000081c00000,0x0000000086dfb0d0,0x000000008c080000)
 Metaspace       used 6699K, capacity 6735K, committed 6912K, reserved 1056768K
  class space    used 639K, capacity 656K, committed 768K, reserved 1048576K
}
Event: 4.015 GC heap before
{Heap before GC invocations=5 (full 1):
 PSYoungGen      total 38400K, used 33280K [0x00000000d5f00000, 0x00000000daa00000, 0x0000000100000000)
  eden space 33280K, 100% used [0x00000000d5f00000,0x00000000d7f80000,0x00000000d7f80000)
  from space 5120K, 0% used [0x00000000d7f80000,0x00000000d7f80000,0x00000000d8480000)
  to   space 5120K, 0% used [0x00000000da500000,0x00000000da500000,0x00000000daa00000)
 ParOldGen       total 168448K, used 83948K [0x0000000081c00000, 0x000000008c080000, 0x00000000d5f00000)
  object space 168448K, 49% used [0x0000000081c00000,0x0000000086dfb0d0,0x000000008c080000)
 Metaspace       used 6699K, capacity 6735K, committed 6912K, reserved 1056768K
  class space    used 639K, capacity 656K, committed 768K, reserved 1048576K
Event: 4.029 GC heap after
Heap after GC invocations=5 (full 1):
 PSYoungGen      total 65536K, used 5120K [0x00000000d5f00000, 0x00000000daa00000, 0x0000000100000000)
  eden space 60416K, 0% used [0x00000000d5f00000,0x00000000d5f00000,0x00000000d9a00000)
  from space 5120K, 100% used [0x00000000da500000,0x00000000daa00000,0x00000000daa00000)
  to   space 5120K, 0% used [0x00000000da000000,0x00000000da000000,0x00000000da500000)
 ParOldGen       total 168448K, used 112174K [0x0000000081c00000, 0x000000008c080000, 0x00000000d5f00000)
  object space 168448K, 66% used [0x0000000081c00000,0x000000008898bb60,0x000000008c080000)
 Metaspace       used 6699K, capacity 6735K, committed 6912K, reserved 1056768K
  class space    used 639K, capacity 656K, committed 768K, reserved 1048576K
}
Event: 4.233 GC heap before
{Heap before GC invocations=6 (full 1):
 PSYoungGen      total 65536K, used 65536K [0x00000000d5f00000, 0x00000000daa00000, 0x0000000100000000)
  eden space 60416K, 100% used [0x00000000d5f00000,0x00000000d9a00000,0x00000000d9a00000)
  from space 5120K, 100% used [0x00000000da500000,0x00000000daa00000,0x00000000daa00000)
  to   space 5120K, 0% used [0x00000000da000000,0x00000000da000000,0x00000000da500000)
 ParOldGen       total 168448K, used 112174K [0x0000000081c00000, 0x000000008c080000, 0x00000000d5f00000)
  object space 168448K, 66% used [0x0000000081c00000,0x000000008898bb60,0x000000008c080000)
 Metaspace       used 6699K, capacity 6735K, committed 6912K, reserved 1056768K
  class space    used 639K, capacity 656K, committed 768K, reserved 1048576K
Event: 4.260 GC heap after
Heap after GC invocations=6 (full 1):
 PSYoungGen      total 71680K, used 5120K [0x00000000d5f00000, 0x00000000e4b00000, 0x0000000100000000)
  eden space 66560K, 0% used [0x00000000d5f00000,0x00000000d5f00000,0x00000000da000000)
  from space 5120K, 100% used [0x00000000da000000,0x00000000da500000,0x00000000da500000)
  to   space 65536K, 0% used [0x00000000e0b00000,0x00000000e0b00000,0x00000000e4b00000)
 ParOldGen       total 172544K, used 172462K [0x0000000081c00000, 0x000000008c480000, 0x00000000d5f00000)
  object space 172544K, 99% used [0x0000000081c00000,0x000000008c46baa0,0x000000008c480000)
 Metaspace       used 6699K, capacity 6735K, committed 6912K, reserved 1056768K
  class space    used 639K, capacity 656K, committed 768K, reserved 1048576K
}
Event: 4.260 GC heap before
{Heap before GC invocations=7 (full 2):
 PSYoungGen      total 71680K, used 5120K [0x00000000d5f00000, 0x00000000e4b00000, 0x0000000100000000)
  eden space 66560K, 0% used [0x00000000d5f00000,0x00000000d5f00000,0x00000000da000000)
  from space 5120K, 100% used [0x00000000da000000,0x00000000da500000,0x00000000da500000)
  to   space 65536K, 0% used [0x00000000e0b00000,0x00000000e0b00000,0x00000000e4b00000)
 ParOldGen       total 172544K, used 172462K [0x0000000081c00000, 0x000000008c480000, 0x00000000d5f00000)
  object space 172544K, 99% used [0x0000000081c00000,0x000000008c46baa0,0x000000008c480000)
 Metaspace       used 6699K, capacity 6735K, committed 6912K, reserved 1056768K
  class space    used 639K, capacity 656K, committed 768K, reserved 1048576K
Event: 4.298 GC heap after
Heap after GC invocations=7 (full 2):
 PSYoungGen      total 71680K, used 5012K [0x00000000d5f00000, 0x00000000e4b00000, 0x0000000100000000)
  eden space 66560K, 0% used [0x00000000d5f00000,0x00000000d5f00000,0x00000000da000000)
  from space 5120K, 97% used [0x00000000da000000,0x00000000da4e51e0,0x00000000da500000)
  to   space 65536K, 0% used [0x00000000e0b00000,0x00000000e0b00000,0x00000000e4b00000)
 ParOldGen       total 292864K, used 172457K [0x0000000081c00000, 0x0000000093a00000, 0x00000000d5f00000)
  object space 292864K, 58% used [0x0000000081c00000,0x000000008c46a630,0x0000000093a00000)
 Metaspace       used 6699K, capacity 6735K, committed 6912K, reserved 1056768K
  class space    used 639K, capacity 656K, committed 768K, reserved 1048576K
}
Event: 4.556 GC heap before
{Heap before GC invocations=8 (full 2):
 PSYoungGen      total 71680K, used 71572K [0x00000000d5f00000, 0x00000000e4b00000, 0x0000000100000000)
  eden space 66560K, 100% used [0x00000000d5f00000,0x00000000da000000,0x00000000da000000)
  from space 5120K, 97% used [0x00000000da000000,0x00000000da4e51e0,0x00000000da500000)
  to   space 65536K, 0% used [0x00000000e0b00000,0x00000000e0b00000,0x00000000e4b00000)
 ParOldGen       total 292864K, used 172457K [0x0000000081c00000, 0x0000000093a00000, 0x00000000d5f00000)
  object space 292864K, 58% used [0x0000000081c00000,0x000000008c46a630,0x0000000093a00000)
 Metaspace       used 6699K, capacity 6735K, committed 6912K, reserved 1056768K
  class space    used 639K, capacity 656K, committed 768K, reserved 1048576K
Event: 4.605 GC heap after
Heap after GC invocations=8 (full 2):
 PSYoungGen      total 161280K, used 65536K [0x00000000d5f00000, 0x00000000e6480000, 0x0000000100000000)
  eden space 95744K, 0% used [0x00000000d5f00000,0x00000000d5f00000,0x00000000dbc80000)
  from space 65536K, 100% used [0x00000000e0b00000,0x00000000e4b00000,0x00000000e4b00000)
  to   space 80384K, 0% used [0x00000000dbc80000,0x00000000dbc80000,0x00000000e0b00000)
 ParOldGen       total 292864K, used 179794K [0x0000000081c00000, 0x0000000093a00000, 0x00000000d5f00000)
  object space 292864K, 61% used [0x0000000081c00000,0x000000008cb94a60,0x0000000093a00000)
 Metaspace       used 6699K, capacity 6735K, committed 6912K, reserved 1056768K
  class space    used 639K, capacity 656K, committed 768K, reserved 1048576K
}

