# JRE version: Java(TM) SE Runtime Environment (8.0_171-b11) (build 1.8.0_171-b11)
# Java VM: Java HotSpot(TM) 64-Bit Server VM (25.171-b11 mixed mode windows-amd64 compressed oops)
Heap:
 PSYoungGen      total 47616K, used 11816K [0x00000000d5f00000, 0x00000000da900000, 0x0000000100000000)
  eden space 47104K, 23% used [0x00000000d5f00000,0x00000000d6a0a2b8,0x00000000d8d00000)
  from space 512K, 100% used [0x00000000da580000,0x00000000da600000,0x00000000da600000)
  to   space 2560K, 0% used [0x00000000da680000,0x00000000da680000,0x00000000da900000)
 ParOldGen       total 87552K, used 5882K [0x0000000081c00000, 0x0000000087180000, 0x00000000d5f00000)
  object space 87552K, 6% used [0x0000000081c00000,0x00000000821be898,0x0000000087180000)
 Metaspace       used 9169K, capacity 9203K, committed 9344K, reserved 1058816K
  class space    used 858K, capacity 880K, committed 896K, reserved 1048576K
GC Heap History (10 events):
Event: 40.544 GC heap before
{Heap before GC invocations=71 (full 0):
 PSYoungGen      total 54784K, used 54464K [0x00000000d5f00000, 0x00000000dae00000, 0x0000000100000000)
  eden space 53248K, 100% used [0x00000000d5f00000,0x00000000d9300000,0x00000000d9300000)
  from space 1536K, 79% used [0x00000000dac80000,0x00000000dadb0000,0x00000000dae00000)
  to   space 2560K, 0% used [0x00000000da900000,0x00000000da900000,0x00000000dab80000)
 ParOldGen       total 87552K, used 5858K [0x0000000081c00000, 0x0000000087180000, 0x00000000d5f00000)
  object space 87552K, 6% used [0x0000000081c00000,0x00000000821b8898,0x0000000087180000)
 Metaspace       used 9167K, capacity 9203K, committed 9344K, reserved 1058816K
  class space    used 858K, capacity 880K, committed 896K, reserved 1048576K
Event: 40.546 GC heap after
Heap after GC invocations=71 (full 0):
 PSYoungGen      total 52736K, used 544K [0x00000000d5f00000, 0x00000000dad00000, 0x0000000100000000)
  eden space 51712K, 0% used [0x00000000d5f00000,0x00000000d5f00000,0x00000000d9180000)
  from space 1024K, 53% used [0x00000000da900000,0x00000000da988000,0x00000000daa00000)
  to   space 2560K, 0% used [0x00000000daa80000,0x00000000daa80000,0x00000000dad00000)
 ParOldGen       total 87552K, used 5866K [0x0000000081c00000, 0x0000000087180000, 0x00000000d5f00000)
  object space 87552K, 6% used [0x0000000081c00000,0x00000000821ba898,0x0000000087180000)
 Metaspace       used 9167K, capacity 9203K, committed 9344K, reserved 1058816K
  class space    used 858K, capacity 880K, committed 896K, reserved 1048576K
}
Event: 40.911 GC heap before
{Heap before GC invocations=72 (full 0):
 PSYoungGen      total 52736K, used 52256K [0x00000000d5f00000, 0x00000000dad00000, 0x0000000100000000)
  eden space 51712K, 100% used [0x00000000d5f00000,0x00000000d9180000,0x00000000d9180000)
  from space 1024K, 53% used [0x00000000da900000,0x00000000da988000,0x00000000daa00000)
  to   space 2560K, 0% used [0x00000000daa80000,0x00000000daa80000,0x00000000dad00000)
 ParOldGen       total 87552K, used 5866K [0x0000000081c00000, 0x0000000087180000, 0x00000000d5f00000)
  object space 87552K, 6% used [0x0000000081c00000,0x00000000821ba898,0x0000000087180000)
 Metaspace       used 9167K, capacity 9203K, committed 9344K, reserved 1058816K
  class space    used 858K, capacity 880K, committed 896K, reserved 1048576K
Event: 40.914 GC heap after
Heap after GC invocations=72 (full 0):
 PSYoungGen      total 51200K, used 704K [0x00000000d5f00000, 0x00000000dab80000, 0x0000000100000000)
  eden space 50176K, 0% used [0x00000000d5f00000,0x00000000d5f00000,0x00000000d9000000)
  from space 1024K, 68% used [0x00000000daa80000,0x00000000dab30000,0x00000000dab80000)
  to   space 2560K, 0% used [0x00000000da680000,0x00000000da680000,0x00000000da900000)
 ParOldGen       total 87552K, used 5866K [0x0000000081c00000, 0x0000000087180000, 0x00000000d5f00000)
  object space 87552K, 6% used [0x0000000081c00000,0x00000000821ba898,0x0000000087180000)
 Metaspace       used 9167K, capacity 9203K, committed 9344K, reserved 1058816K
  class space    used 858K, capacity 880K, committed 896K, reserved 1048576K
}
Event: 41.283 GC heap before
{Heap before GC invocations=73 (full 0):
 PSYoungGen      total 51200K, used 50880K [0x00000000d5f00000, 0x00000000dab80000, 0x0000000100000000)
  eden space 50176K, 100% used [0x00000000d5f00000,0x00000000d9000000,0x00000000d9000000)
  from space 1024K, 68% used [0x00000000daa80000,0x00000000dab30000,0x00000000dab80000)
  to   space 2560K, 0% used [0x00000000da680000,0x00000000da680000,0x00000000da900000)
 ParOldGen       total 87552K, used 5866K [0x0000000081c00000, 0x0000000087180000, 0x00000000d5f00000)
  object space 87552K, 6% used [0x0000000081c00000,0x00000000821ba898,0x0000000087180000)
 Metaspace       used 9169K, capacity 9203K, committed 9344K, reserved 1058816K
  class space    used 858K, capacity 880K, committed 896K, reserved 1048576K
Event: 41.289 GC heap after
Heap after GC invocations=73 (full 0):
 PSYoungGen      total 51200K, used 1696K [0x00000000d5f00000, 0x00000000dab00000, 0x0000000100000000)
  eden space 49152K, 0% used [0x00000000d5f00000,0x00000000d5f00000,0x00000000d8f00000)
  from space 2048K, 82% used [0x00000000da680000,0x00000000da828000,0x00000000da880000)
  to   space 2560K, 0% used [0x00000000da880000,0x00000000da880000,0x00000000dab00000)
 ParOldGen       total 87552K, used 5874K [0x0000000081c00000, 0x0000000087180000, 0x00000000d5f00000)
  object space 87552K, 6% used [0x0000000081c00000,0x00000000821bc898,0x0000000087180000)
 Metaspace       used 9169K, capacity 9203K, committed 9344K, reserved 1058816K
  class space    used 858K, capacity 880K, committed 896K, reserved 1048576K
}
Event: 41.683 GC heap before
{Heap before GC invocations=74 (full 0):
 PSYoungGen      total 51200K, used 50848K [0x00000000d5f00000, 0x00000000dab00000, 0x0000000100000000)
  eden space 49152K, 100% used [0x00000000d5f00000,0x00000000d8f00000,0x00000000d8f00000)
  from space 2048K, 82% used [0x00000000da680000,0x00000000da828000,0x00000000da880000)
  to   space 2560K, 0% used [0x00000000da880000,0x00000000da880000,0x00000000dab00000)
 ParOldGen       total 87552K, used 5874K [0x0000000081c00000, 0x0000000087180000, 0x00000000d5f00000)
  object space 87552K, 6% used [0x0000000081c00000,0x00000000821bc898,0x0000000087180000)
 Metaspace       used 9169K, capacity 9203K, committed 9344K, reserved 1058816K
  class space    used 858K, capacity 880K, committed 896K, reserved 1048576K
Event: 41.688 GC heap after
Heap after GC invocations=74 (full 0):
 PSYoungGen      total 50176K, used 1600K [0x00000000d5f00000, 0x00000000daa80000, 0x0000000100000000)
  eden space 48128K, 0% used [0x00000000d5f00000,0x00000000d5f00000,0x00000000d8e00000)
  from space 2048K, 78% used [0x00000000da880000,0x00000000daa10000,0x00000000daa80000)
  to   space 2560K, 0% used [0x00000000da580000,0x00000000da580000,0x00000000da800000)
 ParOldGen       total 87552K, used 5882K [0x0000000081c00000, 0x0000000087180000, 0x00000000d5f00000)
  object space 87552K, 6% used [0x0000000081c00000,0x00000000821be898,0x0000000087180000)
 Metaspace       used 9169K, capacity 9203K, committed 9344K, reserved 1058816K
  class space    used 858K, capacity 880K, committed 896K, reserved 1048576K
}
Event: 42.044 GC heap before
{Heap before GC invocations=75 (full 0):
 PSYoungGen      total 50176K, used 49728K [0x00000000d5f00000, 0x00000000daa80000, 0x0000000100000000)
  eden space 48128K, 100% used [0x00000000d5f00000,0x00000000d8e00000,0x00000000d8e00000)
  from space 2048K, 78% used [0x00000000da880000,0x00000000daa10000,0x00000000daa80000)
  to   space 2560K, 0% used [0x00000000da580000,0x00000000da580000,0x00000000da800000)
 ParOldGen       total 87552K, used 5882K [0x0000000081c00000, 0x0000000087180000, 0x00000000d5f00000)
  object space 87552K, 6% used [0x0000000081c00000,0x00000000821be898,0x0000000087180000)
 Metaspace       used 9169K, capacity 9203K, committed 9344K, reserved 1058816K
  class space    used 858K, capacity 880K, committed 896K, reserved 1048576K
Event: 42.046 GC heap after
Heap after GC invocations=75 (full 0):
 PSYoungGen      total 47616K, used 512K [0x00000000d5f00000, 0x00000000da900000, 0x0000000100000000)
  eden space 47104K, 0% used [0x00000000d5f00000,0x00000000d5f00000,0x00000000d8d00000)
  from space 512K, 100% used [0x00000000da580000,0x00000000da600000,0x00000000da600000)
  to   space 2560K, 0% used [0x00000000da680000,0x00000000da680000,0x00000000da900000)
 ParOldGen       total 87552K, used 5882K [0x0000000081c00000, 0x0000000087180000, 0x00000000d5f00000)
  object space 87552K, 6% used [0x0000000081c00000,0x00000000821be898,0x0000000087180000)
 Metaspace       used 9169K, capacity 9203K, committed 9344K, reserved 1058816K
  class space    used 858K, capacity 880K, committed 896K, reserved 1048576K
}

