# JRE version: Java(TM) SE Runtime Environment (8.0_171-b11) (build 1.8.0_171-b11)
# Java VM: Java HotSpot(TM) 64-Bit Server VM (25.171-b11 mixed mode windows-amd64 compressed oops)
Heap:
 PSYoungGen      total 161280K, used 103768K [0x00000000d5f00000, 0x00000000e6100000, 0x0000000100000000)
  eden space 96256K, 40% used [0x00000000d5f00000,0x00000000d84d6318,0x00000000dbd00000)
  from space 65024K, 100% used [0x00000000e0b00000,0x00000000e4a80000,0x00000000e4a80000)
  to   space 79872K, 0% used [0x00000000dbd00000,0x00000000dbd00000,0x00000000e0b00000)
 ParOldGen       total 292352K, used 179694K [0x0000000081c00000, 0x0000000093980000, 0x00000000d5f00000)
  object space 292352K, 61% used [0x0000000081c00000,0x000000008cb7b9e0,0x0000000093980000)
 Metaspace       used 8964K, capacity 9075K, committed 9344K, reserved 1058816K
  class space    used 852K, capacity 880K, committed 896K, reserved 1048576K
GC Heap History (10 events):
Event: 2.918 GC heap before
{Heap before GC invocations=4 (full 1):
 PSYoungGen      total 38400K, used 5102K [0x00000000d5f00000, 0x00000000daa00000, 0x0000000100000000)
  eden space 33280K, 0% used [0x00000000d5f00000,0x00000000d5f00000,0x00000000d7f80000)
  from space 5120K, 99% used [0x00000000d7f80000,0x00000000d847b8b0,0x00000000d8480000)
  to   space 5120K, 0% used [0x00000000da500000,0x00000000da500000,0x00000000daa00000)
 ParOldGen       total 87552K, used 80142K [0x0000000081c00000, 0x0000000087180000, 0x00000000d5f00000)
  object space 87552K, 91% used [0x0000000081c00000,0x0000000086a43880,0x0000000087180000)
 Metaspace       used 6714K, capacity 6803K, committed 7168K, reserved 1056768K
  class space    used 639K, capacity 656K, committed 768K, reserved 1048576K
Event: 2.958 GC heap after
Heap after GC invocations=4 (full 1):
 PSYoungGen      total 38400K, used 0K [0x00000000d5f00000, 0x00000000daa00000, 0x0000000100000000)
  eden space 33280K, 0% used [0x00000000d5f00000,0x00000000d5f00000,0x00000000d7f80000)
  from space 5120K, 0% used [0x00000000d7f80000,0x00000000d7f80000,0x00000000d8480000)
  to   space 5120K, 0% used [0x00000000da500000,0x00000000da500000,0x00000000daa00000)
 ParOldGen       total 168448K, used 83945K [0x0000000081c00000, 0x000000008c080000, 0x00000000d5f00000)
  object space 168448K, 49% used [0x0000000081c00000,0x0000000086dfa4c8,0x000000008c080000)
 Metaspace       used 6714K, capacity 6803K, committed 7168K, reserved 1056768K
  class space    used 639K, capacity 656K, committed 768K, reserved 1048576K
}
Event: 3.048 GC heap before
{Heap before GC invocations=5 (full 1):
 PSYoungGen      total 38400K, used 33280K [0x00000000d5f00000, 0x00000000daa00000, 0x0000000100000000)
  eden space 33280K, 100% used [0x00000000d5f00000,0x00000000d7f80000,0x00000000d7f80000)
  from space 5120K, 0% used [0x00000000d7f80000,0x00000000d7f80000,0x00000000d8480000)
  to   space 5120K, 0% used [0x00000000da500000,0x00000000da500000,0x00000000daa00000)
 ParOldGen       total 168448K, used 83945K [0x0000000081c00000, 0x000000008c080000, 0x00000000d5f00000)
  object space 168448K, 49% used [0x0000000081c00000,0x0000000086dfa4c8,0x000000008c080000)
 Metaspace       used 6714K, capacity 6803K, committed 7168K, reserved 1056768K
  class space    used 639K, capacity 656K, committed 768K, reserved 1048576K
Event: 3.062 GC heap after
Heap after GC invocations=5 (full 1):
 PSYoungGen      total 65536K, used 5120K [0x00000000d5f00000, 0x00000000daa00000, 0x0000000100000000)
  eden space 60416K, 0% used [0x00000000d5f00000,0x00000000d5f00000,0x00000000d9a00000)
  from space 5120K, 100% used [0x00000000da500000,0x00000000daa00000,0x00000000daa00000)
  to   space 5120K, 0% used [0x00000000da000000,0x00000000da000000,0x00000000da500000)
 ParOldGen       total 168448K, used 111507K [0x0000000081c00000, 0x000000008c080000, 0x00000000d5f00000)
  object space 168448K, 66% used [0x0000000081c00000,0x00000000888e4eb8,0x000000008c080000)
 Metaspace       used 6714K, capacity 6803K, committed 7168K, reserved 1056768K
  class space    used 639K, capacity 656K, committed 768K, reserved 1048576K
}
Event: 3.297 GC heap before
{Heap before GC invocations=6 (full 1):
 PSYoungGen      total 65536K, used 65536K [0x00000000d5f00000, 0x00000000daa00000, 0x0000000100000000)
  eden space 60416K, 100% used [0x00000000d5f00000,0x00000000d9a00000,0x00000000d9a00000)
  from space 5120K, 100% used [0x00000000da500000,0x00000000daa00000,0x00000000daa00000)
  to   space 5120K, 0% used [0x00000000da000000,0x00000000da000000,0x00000000da500000)
 ParOldGen       total 168448K, used 111507K [0x0000000081c00000, 0x000000008c080000, 0x00000000d5f00000)
  object space 168448K, 66% used [0x0000000081c00000,0x00000000888e4eb8,0x000000008c080000)
 Metaspace       used 6714K, capacity 6803K, committed 7168K, reserved 1056768K
  class space    used 639K, capacity 656K, committed 768K, reserved 1048576K
Event: 3.325 GC heap after
Heap after GC invocations=6 (full 1):
 PSYoungGen      total 71680K, used 5120K [0x00000000d5f00000, 0x00000000e4a80000, 0x0000000100000000)
  eden space 66560K, 0% used [0x00000000d5f00000,0x00000000d5f00000,0x00000000da000000)
  from space 5120K, 100% used [0x00000000da000000,0x00000000da500000,0x00000000da500000)
  to   space 65024K, 0% used [0x00000000e0b00000,0x00000000e0b00000,0x00000000e4a80000)
 ParOldGen       total 172032K, used 171908K [0x0000000081c00000, 0x000000008c400000, 0x00000000d5f00000)
  object space 172032K, 99% used [0x0000000081c00000,0x000000008c3e1118,0x000000008c400000)
 Metaspace       used 6714K, capacity 6803K, committed 7168K, reserved 1056768K
  class space    used 639K, capacity 656K, committed 768K, reserved 1048576K
}
Event: 3.325 GC heap before
{Heap before GC invocations=7 (full 2):
 PSYoungGen      total 71680K, used 5120K [0x00000000d5f00000, 0x00000000e4a80000, 0x0000000100000000)
  eden space 66560K, 0% used [0x00000000d5f00000,0x00000000d5f00000,0x00000000da000000)
  from space 5120K, 100% used [0x00000000da000000,0x00000000da500000,0x00000000da500000)
  to   space 65024K, 0% used [0x00000000e0b00000,0x00000000e0b00000,0x00000000e4a80000)
 ParOldGen       total 172032K, used 171908K [0x0000000081c00000, 0x000000008c400000, 0x00000000d5f00000)
  object space 172032K, 99% used [0x0000000081c00000,0x000000008c3e1118,0x000000008c400000)
 Metaspace       used 6714K, capacity 6803K, committed 7168K, reserved 1056768K
  class space    used 639K, capacity 656K, committed 768K, reserved 1048576K
Event: 3.367 GC heap after
Heap after GC invocations=7 (full 2):
 PSYoungGen      total 71680K, used 5012K [0x00000000d5f00000, 0x00000000e4a80000, 0x0000000100000000)
  eden space 66560K, 0% used [0x00000000d5f00000,0x00000000d5f00000,0x00000000da000000)
  from space 5120K, 97% used [0x00000000da000000,0x00000000da4e51e0,0x00000000da500000)
  to   space 65024K, 0% used [0x00000000e0b00000,0x00000000e0b00000,0x00000000e4a80000)
 ParOldGen       total 292352K, used 171906K [0x0000000081c00000, 0x0000000093980000, 0x00000000d5f00000)
  object space 292352K, 58% used [0x0000000081c00000,0x000000008c3e0930,0x0000000093980000)
 Metaspace       used 6714K, capacity 6803K, committed 7168K, reserved 1056768K
  class space    used 639K, capacity 656K, committed 768K, reserved 1048576K
}
Event: 3.663 GC heap before
{Heap before GC invocations=8 (full 2):
 PSYoungGen      total 71680K, used 71572K [0x00000000d5f00000, 0x00000000e4a80000, 0x0000000100000000)
  eden space 66560K, 100% used [0x00000000d5f00000,0x00000000da000000,0x00000000da000000)
  from space 5120K, 97% used [0x00000000da000000,0x00000000da4e51e0,0x00000000da500000)
  to   space 65024K, 0% used [0x00000000e0b00000,0x00000000e0b00000,0x00000000e4a80000)
 ParOldGen       total 292352K, used 171906K [0x0000000081c00000, 0x0000000093980000, 0x00000000d5f00000)
  object space 292352K, 58% used [0x0000000081c00000,0x000000008c3e0930,0x0000000093980000)
 Metaspace       used 6715K, capacity 6803K, committed 7168K, reserved 1056768K
  class space    used 639K, capacity 656K, committed 768K, reserved 1048576K
Event: 3.697 GC heap after
Heap after GC invocations=8 (full 2):
 PSYoungGen      total 161280K, used 65024K [0x00000000d5f00000, 0x00000000e6100000, 0x0000000100000000)
  eden space 96256K, 0% used [0x00000000d5f00000,0x00000000d5f00000,0x00000000dbd00000)
  from space 65024K, 100% used [0x00000000e0b00000,0x00000000e4a80000,0x00000000e4a80000)
  to   space 79872K, 0% used [0x00000000dbd00000,0x00000000dbd00000,0x00000000e0b00000)
 ParOldGen       total 292352K, used 179694K [0x0000000081c00000, 0x0000000093980000, 0x00000000d5f00000)
  object space 292352K, 61% used [0x0000000081c00000,0x000000008cb7b9e0,0x0000000093980000)
 Metaspace       used 6715K, capacity 6803K, committed 7168K, reserved 1056768K
  class space    used 639K, capacity 656K, committed 768K, reserved 1048576K
}

